{"name": "test_close_onboarding_and_check_box_texts", "status": "broken", "statusDetails": {"message": "selenium.common.exceptions.TimeoutException: Message: \nStacktrace:\nNoSuchElementError: An element could not be located on the page using the given search parameters.\n    at AndroidUiautomator2Driver.findElOrEls (C:\\Users\\a.jamshidi\\.appium\\node_modules\\appium-uiautomator2-driver\\node_modules\\appium-android-driver\\lib\\commands\\find.ts:86:11)\n    at processTicksAndRejections (node:internal/process/task_queues:95:5)\n    at AndroidUiautomator2Driver.findElOrElsWithProcessing (C:\\Users\\a.jamshidi\\AppData\\Roaming\\npm\\node_modules\\appium\\node_modules\\@appium\\base-driver\\lib\\basedriver\\commands\\find.ts:60:12)\n    at AndroidUiautomator2Driver.findElement (C:\\Users\\a.jamshidi\\AppData\\Roaming\\npm\\node_modules\\appium\\node_modules\\@appium\\base-driver\\lib\\basedriver\\commands\\find.ts:75:12)", "trace": "request = <SubRequest 'login_and_dashboard' for <Function test_close_onboarding_and_check_box_texts>>\n\n    @pytest.fixture\n    def login_and_dashboard(request):\n        device_name = request.config.getoption(\"--device_name\")\n        options = AppiumOptions()\n        options.load_capabilities(device_configs[device_name])\n    \n        service = AppiumService()\n        service.start()\n    \n        appium_url = \"http://127.0.0.1:4723\"\n        driver = webdriver.Remote(appium_url, options=options)\n    \n        # ورود به سیستم\n        login_page = LoginPage(driver)\n>       login_page.enter_username(\"andpfm7\")\n\nconftest.py:62: \n_ _ _ _ _ _ _ _ _ _ _ _ _ _ _ _ _ _ _ _ _ _ _ _ _ _ _ _ _ _ _ _ _ _ _ _ _ _ _ _\npages\\login_page.py:11: in enter_username\n    username_field = WebDriverWait(self.driver, 10).until(\n_ _ _ _ _ _ _ _ _ _ _ _ _ _ _ _ _ _ _ _ _ _ _ _ _ _ _ _ _ _ _ _ _ _ _ _ _ _ _ _\n\nself = <selenium.webdriver.support.wait.WebDriverWait (session=\"73fa2bd3-099b-4163-b349-4653cc7baf4e\")>\nmethod = <function presence_of_element_located.<locals>._predicate at 0x00000131B06DCEE0>\nmessage = ''\n\n    def until(self, method: Callable[[D], Union[Literal[False], T]], message: str = \"\") -> T:\n        \"\"\"Calls the method provided with the driver as an argument until the \\\n        return value does not evaluate to ``False``.\n    \n        :param method: callable(WebDriver)\n        :param message: optional message for :exc:`TimeoutException`\n        :returns: the result of the last call to `method`\n        :raises: :exc:`selenium.common.exceptions.TimeoutException` if timeout occurs\n        \"\"\"\n        screen = None\n        stacktrace = None\n    \n        end_time = time.monotonic() + self._timeout\n        while True:\n            try:\n                value = method(self._driver)\n                if value:\n                    return value\n            except self._ignored_exceptions as exc:\n                screen = getattr(exc, \"screen\", None)\n                stacktrace = getattr(exc, \"stacktrace\", None)\n            time.sleep(self._poll)\n            if time.monotonic() > end_time:\n                break\n>       raise TimeoutException(message, screen, stacktrace)\nE       selenium.common.exceptions.TimeoutException: Message: \nE       Stacktrace:\nE       NoSuchElementError: An element could not be located on the page using the given search parameters.\nE           at AndroidUiautomator2Driver.findElOrEls (C:\\Users\\a.jamshidi\\.appium\\node_modules\\appium-uiautomator2-driver\\node_modules\\appium-android-driver\\lib\\commands\\find.ts:86:11)\nE           at processTicksAndRejections (node:internal/process/task_queues:95:5)\nE           at AndroidUiautomator2Driver.findElOrElsWithProcessing (C:\\Users\\a.jamshidi\\AppData\\Roaming\\npm\\node_modules\\appium\\node_modules\\@appium\\base-driver\\lib\\basedriver\\commands\\find.ts:60:12)\nE           at AndroidUiautomator2Driver.findElement (C:\\Users\\a.jamshidi\\AppData\\Roaming\\npm\\node_modules\\appium\\node_modules\\@appium\\base-driver\\lib\\basedriver\\commands\\find.ts:75:12)\n\nC:\\Users\\a.jamshidi\\android_automation\\android_automation\\.venv\\lib\\site-packages\\selenium\\webdriver\\support\\wait.py:105: TimeoutException"}, "description": "تست بسته شدن انبوردینگ و بررسی متن‌های صفحه باکس", "attachments": [{"name": "log", "source": "72aeb070-3eec-4f9d-ab5e-42f7e9166d2a-attachment.txt", "type": "text/plain"}, {"name": "stderr", "source": "1b258c9a-1112-459c-afa0-bbcefd62181e-attachment.txt", "type": "text/plain"}], "start": 1729322487124, "stop": 1729322487124, "uuid": "006183d1-9457-4b13-b23e-904d21e9291e", "historyId": "372cec981dead8d05da0ba57aba1f8eb", "testCaseId": "372cec981dead8d05da0ba57aba1f8eb", "fullName": "tests.box.test_box#test_close_onboarding_and_check_box_texts", "labels": [{"name": "tag", "value": "check_box"}, {"name": "tag", "value": "order(1)"}, {"name": "parentSuite", "value": "tests.box"}, {"name": "suite", "value": "test_box"}, {"name": "host", "value": "ajamshidi-lap-qa"}, {"name": "thread", "value": "21988-MainThread"}, {"name": "framework", "value": "pytest"}, {"name": "language", "value": "cpython3"}, {"name": "package", "value": "tests.box.test_box"}]}