{"name": "test_create_account", "status": "broken", "statusDetails": {"message": "selenium.common.exceptions.TimeoutException: Message: \nStacktrace:\nNoSuchElementError: An element could not be located on the page using the given search parameters.\n    at AndroidUiautomator2Driver.findElOrEls (C:\\Users\\a.jamshidi\\.appium\\node_modules\\appium-uiautomator2-driver\\node_modules\\appium-android-driver\\lib\\commands\\find.ts:86:11)\n    at processTicksAndRejections (node:internal/process/task_queues:95:5)\n    at AndroidUiautomator2Driver.findElOrElsWithProcessing (C:\\Users\\a.jamshidi\\AppData\\Roaming\\npm\\node_modules\\appium\\node_modules\\@appium\\base-driver\\lib\\basedriver\\commands\\find.ts:60:12)\n    at AndroidUiautomator2Driver.findElement (C:\\Users\\a.jamshidi\\AppData\\Roaming\\npm\\node_modules\\appium\\node_modules\\@appium\\base-driver\\lib\\basedriver\\commands\\find.ts:75:12)", "trace": "login_and_dashboard = <pages.dashboard.dashboard_page.DashboardPage object at 0x0000023B69E2DE20>\n\n    @pytest.mark.order(1)  # اولویت تست\n    @allure.feature(\"User Account Creation\")  # ویژگی\n    @allure.story(\"Create a new user account\")  # داستان تست\n    @allure.severity(allure.severity_level.CRITICAL)  # سطح اهمیت\n    def test_create_account(login_and_dashboard):\n        \"\"\"تست ایجاد حساب کاربری جدید\"\"\"\n    \n        # صفحه داشبورد (یا صفحه ورود اولیه)\n        dashboard_page = login_and_dashboard\n        driver = dashboard_page.driver\n    \n        try:\n            # مرحله 1: کلیک روی دکمه 'ایجاد حساب کاربری'\n            with allure.step(\"Click on 'Create Account' button\"):\n                logger.info(\"کلیک روی دکمه 'ایجاد حساب کاربری'...\")\n                create_account_button = WebDriverWait(driver, 10).until(\n                    EC.presence_of_element_located((AppiumBy.ID, \"com.samanpr.blu.dev:id/openButton\"))\n                )\n                create_account_button.click()\n                logger.info(\"دکمه 'ایجاد حساب کاربری' کلیک شد.\")\n    \n            # مرحله 2: کلیک روی دکمه 'بازکردن حساب'\n            with allure.step(\"Click on 'Open Account' button\"):\n                logger.info(\"کلیک روی دکمه 'بازکردن حساب'...\")\n                open_account_button = WebDriverWait(driver, 10).until(\n                    EC.presence_of_element_located((AppiumBy.ID, \"com.samanpr.blu.dev:id/openAccountButton\"))\n                )\n                open_account_button.click()\n                logger.info(\"دکمه 'بازکردن حساب' کلیک شد.\")\n    \n            # مرحله 3: انتخاب UAT در سرور\n            with allure.step(\"Select 'UAT' from server selection\"):\n                logger.info(\"انتخاب سرور 'UAT'...\")\n                uat_button = WebDriverWait(driver, 10).until(\n                    EC.presence_of_element_located((AppiumBy.ANDROID_UIAUTOMATOR,\n                                                    'new UiSelector().className(\"android.view.ViewGroup\").instance(3)'))\n                )\n                uat_button.click()\n                logger.info(\"سرور 'UAT' انتخاب شد.\")\n    \n        except Exception as e:\n            logger.error(f\"خطا رخ داد: {e}\")\n            capture_screenshot(driver, \"account_creation_error\")\n>           raise e\n\ntests\\kyc\\test_create_account.py:55: \n_ _ _ _ _ _ _ _ _ _ _ _ _ _ _ _ _ _ _ _ _ _ _ _ _ _ _ _ _ _ _ _ _ _ _ _ _ _ _ _\ntests\\kyc\\test_create_account.py:27: in test_create_account\n    create_account_button = WebDriverWait(driver, 10).until(\n_ _ _ _ _ _ _ _ _ _ _ _ _ _ _ _ _ _ _ _ _ _ _ _ _ _ _ _ _ _ _ _ _ _ _ _ _ _ _ _\n\nself = <selenium.webdriver.support.wait.WebDriverWait (session=\"c89533bd-b6af-4317-ab98-9d3249feefcb\")>\nmethod = <function presence_of_element_located.<locals>._predicate at 0x0000023B69DA28B0>\nmessage = ''\n\n    def until(self, method: Callable[[D], Union[Literal[False], T]], message: str = \"\") -> T:\n        \"\"\"Calls the method provided with the driver as an argument until the \\\n        return value does not evaluate to ``False``.\n    \n        :param method: callable(WebDriver)\n        :param message: optional message for :exc:`TimeoutException`\n        :returns: the result of the last call to `method`\n        :raises: :exc:`selenium.common.exceptions.TimeoutException` if timeout occurs\n        \"\"\"\n        screen = None\n        stacktrace = None\n    \n        end_time = time.monotonic() + self._timeout\n        while True:\n            try:\n                value = method(self._driver)\n                if value:\n                    return value\n            except self._ignored_exceptions as exc:\n                screen = getattr(exc, \"screen\", None)\n                stacktrace = getattr(exc, \"stacktrace\", None)\n            time.sleep(self._poll)\n            if time.monotonic() > end_time:\n                break\n>       raise TimeoutException(message, screen, stacktrace)\nE       selenium.common.exceptions.TimeoutException: Message: \nE       Stacktrace:\nE       NoSuchElementError: An element could not be located on the page using the given search parameters.\nE           at AndroidUiautomator2Driver.findElOrEls (C:\\Users\\a.jamshidi\\.appium\\node_modules\\appium-uiautomator2-driver\\node_modules\\appium-android-driver\\lib\\commands\\find.ts:86:11)\nE           at processTicksAndRejections (node:internal/process/task_queues:95:5)\nE           at AndroidUiautomator2Driver.findElOrElsWithProcessing (C:\\Users\\a.jamshidi\\AppData\\Roaming\\npm\\node_modules\\appium\\node_modules\\@appium\\base-driver\\lib\\basedriver\\commands\\find.ts:60:12)\nE           at AndroidUiautomator2Driver.findElement (C:\\Users\\a.jamshidi\\AppData\\Roaming\\npm\\node_modules\\appium\\node_modules\\@appium\\base-driver\\lib\\basedriver\\commands\\find.ts:75:12)\n\nC:\\Users\\a.jamshidi\\android_automation\\android_automation\\.venv\\lib\\site-packages\\selenium\\webdriver\\support\\wait.py:105: TimeoutException"}, "description": "تست ایجاد حساب کاربری جدید", "steps": [{"name": "Click on 'Create Account' button", "status": "broken", "statusDetails": {"message": "selenium.common.exceptions.TimeoutException: Message: \nStacktrace:\nNoSuchElementError: An element could not be located on the page using the given search parameters.\n    at AndroidUiautomator2Driver.findElOrEls (C:\\Users\\a.jamshidi\\.appium\\node_modules\\appium-uiautomator2-driver\\node_modules\\appium-android-driver\\lib\\commands\\find.ts:86:11)\n    at processTicksAndRejections (node:internal/process/task_queues:95:5)\n    at AndroidUiautomator2Driver.findElOrElsWithProcessing (C:\\Users\\a.jamshidi\\AppData\\Roaming\\npm\\node_modules\\appium\\node_modules\\@appium\\base-driver\\lib\\basedriver\\commands\\find.ts:60:12)\n    at AndroidUiautomator2Driver.findElement (C:\\Users\\a.jamshidi\\AppData\\Roaming\\npm\\node_modules\\appium\\node_modules\\@appium\\base-driver\\lib\\basedriver\\commands\\find.ts:75:12)\n", "trace": "  File \"G:\\android_automation\\tests\\kyc\\test_create_account.py\", line 27, in test_create_account\n    create_account_button = WebDriverWait(driver, 10).until(\n  File \"C:\\Users\\a.jamshidi\\android_automation\\android_automation\\.venv\\lib\\site-packages\\selenium\\webdriver\\support\\wait.py\", line 105, in until\n    raise TimeoutException(message, screen, stacktrace)\n"}, "start": 1729339017489, "stop": 1729339027687}], "attachments": [{"name": "account_creation_error_20241019_152707.png", "source": "c8f18cf7-570d-4356-b2a9-b6a7c766bdcc-attachment.png", "type": "image/png"}, {"name": "log", "source": "a0dab1dd-1da4-4166-9aa1-5148ea4eea7a-attachment.txt", "type": "text/plain"}, {"name": "stderr", "source": "2c012d9f-7140-4c17-acbf-361f1157b073-attachment.txt", "type": "text/plain"}], "start": 1729339017489, "stop": 1729339028108, "uuid": "7a4a4d0a-9b04-4220-9e47-56d28b15f8fc", "historyId": "2ee0c4022f32e5c18d49d80a4a452ec5", "testCaseId": "2ee0c4022f32e5c18d49d80a4a452ec5", "fullName": "tests.kyc.test_create_account#test_create_account", "labels": [{"name": "severity", "value": "critical"}, {"name": "feature", "value": "User Account Creation"}, {"name": "story", "value": "Create a new user account"}, {"name": "tag", "value": "order(1)"}, {"name": "parentSuite", "value": "tests.kyc"}, {"name": "suite", "value": "test_create_account"}, {"name": "host", "value": "ajamshidi-lap-qa"}, {"name": "thread", "value": "29300-MainThread"}, {"name": "framework", "value": "pytest"}, {"name": "language", "value": "cpython3"}, {"name": "package", "value": "tests.kyc.test_create_account"}]}