{"name": "test_kyc", "status": "broken", "statusDetails": {"message": "selenium.common.exceptions.TimeoutException: Message: \nStacktrace:\nNoSuchElementError: An element could not be located on the page using the given search parameters.\n    at AndroidUiautomator2Driver.findElOrEls (C:\\Users\\a.jamshidi\\.appium\\node_modules\\appium-uiautomator2-driver\\node_modules\\appium-android-driver\\lib\\commands\\find.ts:86:11)\n    at processTicksAndRejections (node:internal/process/task_queues:95:5)\n    at AndroidUiautomator2Driver.findElOrElsWithProcessing (C:\\Users\\a.jamshidi\\AppData\\Roaming\\npm\\node_modules\\appium\\node_modules\\@appium\\base-driver\\lib\\basedriver\\commands\\find.ts:60:12)\n    at AndroidUiautomator2Driver.findElement (C:\\Users\\a.jamshidi\\AppData\\Roaming\\npm\\node_modules\\appium\\node_modules\\@appium\\base-driver\\lib\\basedriver\\commands\\find.ts:75:12)", "trace": "open_app_without_login = <appium.webdriver.webdriver.WebDriver (session=\"07407d5b-2191-4080-9658-9b4e5ad8c4be\")>\n\n    @pytest.mark.order(1)\n    @allure.feature(\"User Account Creation\")\n    @allure.story(\"Create a new user account\")\n    @allure.severity(allure.severity_level.CRITICAL)\n    def test_kyc(open_app_without_login):\n        driver = open_app_without_login\n        accept_page = AcceptRulesAndRegulations(driver)\n        # بارگذاری فایل JSON برای دریافت متون مرجع\n        text_reference = load_text_reference()\n    \n        # متغیر برای ذخیره نتیجه تست\n        errors = []\n        try:\n            # بررسی دسترسی نوتیفیکیشن\n            notification_permission_page = NotificationPermissionPage(driver)\n            notification_permission_page.allow_notification_permission()\n            logger.info(\"Clicked on 'Allow' button for notification permission.\")\n    \n            # مرحله 1: کلیک روی دکمه 'ایجاد حساب کاربری'\n            try:\n                with allure.step(\"Click on 'Create Account' button\"):\n                    logger.info(\"کلیک روی دکمه 'ایجاد حساب کاربری'...\")\n                    create_account_button = WebDriverWait(driver, 10).until(\n                        EC.presence_of_element_located((AppiumBy.ID, \"com.samanpr.blu.dev:id/openButton\"))\n                    )\n                    create_account_button.click()\n                    logger.info(\"دکمه 'ایجاد حساب کاربری' کلیک شد.\")\n            except TimeoutException:\n                logger.info(\"No login page displayed, continuing.\")\n    \n            # مرحله 2: کلیک روی دکمه 'بازکردن حساب'\n            with allure.step(\"Click on 'Open Account' button\"):\n                logger.info(\"کلیک روی دکمه 'بازکردن حساب'...\")\n                open_account_page = OpenAccountPage(driver)\n                open_account_page.click_open_account()\n                logger.info(\"دکمه 'بازکردن حساب' کلیک شد.\")\n    \n            # مرحله 3: انتخاب UAT در سرور\n            with allure.step(\"click on 'UAT' from server selection\"):\n                logger.info(\"انتخاب سرور 'UAT'...\")\n                select_server_page = SelectServerPage(driver)\n                select_server_page.select_uat_server()\n                logger.info(\"سرور 'UAT' انتخاب شد.\")\n    \n            # مرحله 4: کلیک روی 'شروع'\n            with allure.step(\"Click on 'Start' button\"):\n                logger.info(\"کلیک روی دکمه 'شروع'...\")\n                create_account_info_page = CreateAccountInfoPage(driver)\n                create_account_info_page.click_start()\n                logger.info(\"دکمه 'شروع' کلیک شد.\")\n    \n            # بررسی وضعیت اولیه سوییچ\n            with allure.step(\"Check initial state of the switch\"):\n                initial_status = accept_page.is_switch_on()\n                logger.info(f\"Initial switch status: {'ON' if initial_status else 'OFF'}\")\n                allure.attach(f\"Initial switch status: {'ON' if initial_status else 'OFF'}\", \"Switch Status\",\n                              allure.attachment_type.TEXT)\n    \n            # تغییر وضعیت سوییچ\n            with allure.step(\"Toggle the agreement switch\"):\n                logger.info(\"کلیک بر روی تاگل سوییچ موافقت با قوانین و مقررات ...\")\n                accept_page.toggle_switch()  # استفاده از متد toggle_switch\n                new_status = accept_page.is_switch_on()\n                logger.info(f\"Switch status after toggle: {'ON' if new_status else 'OFF'}\")\n                allure.attach(f\"New switch status: {'ON' if new_status else 'OFF'}\", \"Switch Status After Toggle\",\n                              allure.attachment_type.TEXT)\n    \n            # کلیک روی دکمه تایید بعد از تغییر وضعیت\n            with allure.step(\"Click confirm button after toggle\"):\n                logger.info(\"کلیک روی دکمه تایید...\")\n                accept_page.click_confirm_button()\n                logger.info(\"دکمه تایید کلیک شد و به صفحه وارد کردن شماره تلفن هدایت شد.\")\n            # مرحله 2: وارد کردن شماره تلفن\n            with allure.step(\"Enter phone number\"):\n                logger.info(\"ورود شماره تلفن ...\")\n                # فراخوانی تابع mobile_number_generator برای تولید شماره موبایل\n                phone_number = mobile_number_generator()\n                phone_page = EnterPhoneNumberPage(driver)\n                phone_page.enter_phone_number(phone_number)\n    \n            logger.info(f\"شماره تلفن وارد شد: {phone_number}\")\n    \n            # مرحله 3: کلیک روی دکمه \"بعدی\"\n            with allure.step(\"Click next button\"):\n                logger.info(\"کلیک روی دکمه 'بعدی'...\")\n                phone_page.click_next_button()\n                logger.info(\"دکمه 'بعدی' کلیک شد.\")\n    \n            with (allure.step(\"Click next button\")):\n                logger.info(\"کلیک روی دکمه 'بعدی'...\")\n                referral_page = ReferralPage(driver)\n                referral_page.click_next_button()\n                logger.info(\"دکمه 'بعدی' کلیک شد.\")\n    \n            # بررسی متن کد ملی\n            with allure.step(\"Check 'کد ملی ۱۰ رقمی' text\"):\n                logger.info(\"بررسی متن کد ملی...\")\n                expected_text = text_reference[\"kyc_pages\"][\"national_code\"]\n    \n                # استفاده از شیء درست برای فراخوانی متد\n                national_page = NationalCodePage(driver)\n                actual_text = national_page.get_national_code_text()  # به درستی شیء phone_page استفاده می‌شود\n    \n                assert actual_text == expected_text, \\\n                    f\"Expected '{expected_text}', but got '{actual_text}'\"\n                logger.info(f\"متن کد ملی صحیح است: {actual_text}\")\n    \n            with allure.step(\"Enter national code\"):\n                logger.info(\"ورود کد ملی ...\")\n                # گرفتن اسکرین‌شات قبل از ورود کد ملی برای بررسی وضعیت صفحه\n                capture_screenshot(driver, \"before_entering_national_code\")\n                try:\n                    # فراخوانی تابع national_code_generator برای تولید کد ملی\n                    national_code = national_code_generator()\n                    national_code_page = EnterPhoneNumberPage(driver)\n    \n                    # افزایش زمان انتظار به 20 ثانیه\n                    national_code_page.enter_phone_number(national_code)\n                    logger.info(f\"کدملی وارد شد: {national_code}\")\n    \n                except TimeoutException as e:\n                    logger.error(f\"خطا در پیدا کردن فیلد کد ملی: {e}\")\n                    capture_screenshot(driver, \"national_code_error\")\n                    raise e\n    \n            # مرحله 3: کلیک روی دکمه \"بعدی\"\n            with allure.step(\"Click next button\"):\n                logger.info(\"کلیک روی دکمه 'بعدی'...\")\n                phone_page.click_next_button()\n                logger.info(\"دکمه 'بعدی' کلیک شد.\")\n        except Exception as e:\n            logger.error(f\"خطا رخ داد: {e}\")\n            capture_screenshot(driver, \"account_creation_error\")\n>           raise e\n\ntests\\kyc\\test_create_account.py:159: \n_ _ _ _ _ _ _ _ _ _ _ _ _ _ _ _ _ _ _ _ _ _ _ _ _ _ _ _ _ _ _ _ _ _ _ _ _ _ _ _\ntests\\kyc\\test_create_account.py:149: in test_kyc\n    raise e\ntests\\kyc\\test_create_account.py:143: in test_kyc\n    national_code_page.enter_phone_number(national_code)\npages\\kyc\\kyc_pages.py:90: in enter_phone_number\n    phone_number_field = WebDriverWait(self.driver, 10).until(\n_ _ _ _ _ _ _ _ _ _ _ _ _ _ _ _ _ _ _ _ _ _ _ _ _ _ _ _ _ _ _ _ _ _ _ _ _ _ _ _\n\nself = <selenium.webdriver.support.wait.WebDriverWait (session=\"07407d5b-2191-4080-9658-9b4e5ad8c4be\")>\nmethod = <function presence_of_element_located.<locals>._predicate at 0x0000024A313F4C10>\nmessage = ''\n\n    def until(self, method: Callable[[D], Union[Literal[False], T]], message: str = \"\") -> T:\n        \"\"\"Calls the method provided with the driver as an argument until the \\\n        return value does not evaluate to ``False``.\n    \n        :param method: callable(WebDriver)\n        :param message: optional message for :exc:`TimeoutException`\n        :returns: the result of the last call to `method`\n        :raises: :exc:`selenium.common.exceptions.TimeoutException` if timeout occurs\n        \"\"\"\n        screen = None\n        stacktrace = None\n    \n        end_time = time.monotonic() + self._timeout\n        while True:\n            try:\n                value = method(self._driver)\n                if value:\n                    return value\n            except self._ignored_exceptions as exc:\n                screen = getattr(exc, \"screen\", None)\n                stacktrace = getattr(exc, \"stacktrace\", None)\n            time.sleep(self._poll)\n            if time.monotonic() > end_time:\n                break\n>       raise TimeoutException(message, screen, stacktrace)\nE       selenium.common.exceptions.TimeoutException: Message: \nE       Stacktrace:\nE       NoSuchElementError: An element could not be located on the page using the given search parameters.\nE           at AndroidUiautomator2Driver.findElOrEls (C:\\Users\\a.jamshidi\\.appium\\node_modules\\appium-uiautomator2-driver\\node_modules\\appium-android-driver\\lib\\commands\\find.ts:86:11)\nE           at processTicksAndRejections (node:internal/process/task_queues:95:5)\nE           at AndroidUiautomator2Driver.findElOrElsWithProcessing (C:\\Users\\a.jamshidi\\AppData\\Roaming\\npm\\node_modules\\appium\\node_modules\\@appium\\base-driver\\lib\\basedriver\\commands\\find.ts:60:12)\nE           at AndroidUiautomator2Driver.findElement (C:\\Users\\a.jamshidi\\AppData\\Roaming\\npm\\node_modules\\appium\\node_modules\\@appium\\base-driver\\lib\\basedriver\\commands\\find.ts:75:12)\n\nC:\\Users\\a.jamshidi\\android_automation\\android_automation\\.venv\\lib\\site-packages\\selenium\\webdriver\\support\\wait.py:105: TimeoutException"}, "steps": [{"name": "Click on 'Create Account' button", "status": "broken", "statusDetails": {"message": "selenium.common.exceptions.TimeoutException: Message: \nStacktrace:\nNoSuchElementError: An element could not be located on the page using the given search parameters.\n    at AndroidUiautomator2Driver.findElOrEls (C:\\Users\\a.jamshidi\\.appium\\node_modules\\appium-uiautomator2-driver\\node_modules\\appium-android-driver\\lib\\commands\\find.ts:86:11)\n    at processTicksAndRejections (node:internal/process/task_queues:95:5)\n    at AndroidUiautomator2Driver.findElOrElsWithProcessing (C:\\Users\\a.jamshidi\\AppData\\Roaming\\npm\\node_modules\\appium\\node_modules\\@appium\\base-driver\\lib\\basedriver\\commands\\find.ts:60:12)\n    at AndroidUiautomator2Driver.findElement (C:\\Users\\a.jamshidi\\AppData\\Roaming\\npm\\node_modules\\appium\\node_modules\\@appium\\base-driver\\lib\\basedriver\\commands\\find.ts:75:12)\n", "trace": "  File \"G:\\android_automation\\tests\\kyc\\test_create_account.py\", line 48, in test_kyc\n    create_account_button = WebDriverWait(driver, 10).until(\n  File \"C:\\Users\\a.jamshidi\\android_automation\\android_automation\\.venv\\lib\\site-packages\\selenium\\webdriver\\support\\wait.py\", line 105, in until\n    raise TimeoutException(message, screen, stacktrace)\n"}, "start": 1729429203451, "stop": 1729429213507}, {"name": "Click on 'Open Account' button", "status": "passed", "start": 1729429213510, "stop": 1729429214819}, {"name": "click on 'UAT' from server selection", "status": "passed", "start": 1729429214819, "stop": 1729429215012}, {"name": "Click on 'Start' button", "status": "passed", "start": 1729429215012, "stop": 1729429216807}, {"name": "Check initial state of the switch", "status": "passed", "attachments": [{"name": "Switch Status", "source": "e0ef9b6c-b1d6-4975-8925-77a0b3255ab5-attachment.txt", "type": "text/plain"}], "start": 1729429216807, "stop": 1729429216936}, {"name": "Toggle the agreement switch", "status": "passed", "attachments": [{"name": "Switch Status After Toggle", "source": "f7865f04-e4c5-413b-a41b-bcc684d76008-attachment.txt", "type": "text/plain"}], "start": 1729429216937, "stop": 1729429217965}, {"name": "Click confirm button after toggle", "status": "passed", "start": 1729429217965, "stop": 1729429219248}, {"name": "Enter phone number", "status": "passed", "start": 1729429219248, "stop": 1729429220041}, {"name": "Click next button", "status": "passed", "start": 1729429220042, "stop": 1729429222854}, {"name": "Click next button", "status": "passed", "start": 1729429222854, "stop": 1729429224233}, {"name": "Check 'کد ملی ۱۰ رقمی' text", "status": "passed", "start": 1729429224233, "stop": 1729429224338}, {"name": "Enter national code", "status": "broken", "statusDetails": {"message": "selenium.common.exceptions.TimeoutException: Message: \nStacktrace:\nNoSuchElementError: An element could not be located on the page using the given search parameters.\n    at AndroidUiautomator2Driver.findElOrEls (C:\\Users\\a.jamshidi\\.appium\\node_modules\\appium-uiautomator2-driver\\node_modules\\appium-android-driver\\lib\\commands\\find.ts:86:11)\n    at processTicksAndRejections (node:internal/process/task_queues:95:5)\n    at AndroidUiautomator2Driver.findElOrElsWithProcessing (C:\\Users\\a.jamshidi\\AppData\\Roaming\\npm\\node_modules\\appium\\node_modules\\@appium\\base-driver\\lib\\basedriver\\commands\\find.ts:60:12)\n    at AndroidUiautomator2Driver.findElement (C:\\Users\\a.jamshidi\\AppData\\Roaming\\npm\\node_modules\\appium\\node_modules\\@appium\\base-driver\\lib\\basedriver\\commands\\find.ts:75:12)\n", "trace": "  File \"G:\\android_automation\\tests\\kyc\\test_create_account.py\", line 149, in test_kyc\n    raise e\n  File \"G:\\android_automation\\tests\\kyc\\test_create_account.py\", line 143, in test_kyc\n    national_code_page.enter_phone_number(national_code)\n  File \"G:\\android_automation\\pages\\kyc\\kyc_pages.py\", line 90, in enter_phone_number\n    phone_number_field = WebDriverWait(self.driver, 10).until(\n  File \"C:\\Users\\a.jamshidi\\android_automation\\android_automation\\.venv\\lib\\site-packages\\selenium\\webdriver\\support\\wait.py\", line 105, in until\n    raise TimeoutException(message, screen, stacktrace)\n"}, "attachments": [{"name": "before_entering_national_code_20241020_163024.png", "source": "396e9386-65e0-408a-8466-adab2c994677-attachment.png", "type": "image/png"}, {"name": "national_code_error_20241020_163034.png", "source": "9162bf6d-8d70-4c2d-a1b9-2a1871047e71-attachment.png", "type": "image/png"}], "start": 1729429224338, "stop": 1729429235367}], "attachments": [{"name": "account_creation_error_20241020_163035.png", "source": "d73bd01a-fdec-4d39-b728-f0a148ccdb4a-attachment.png", "type": "image/png"}, {"name": "log", "source": "b4df810c-d2f1-46c4-94e9-98cf2f385e33-attachment.txt", "type": "text/plain"}, {"name": "stderr", "source": "62f24e4a-4a9f-41c4-8564-2e00737e0ee8-attachment.txt", "type": "text/plain"}], "start": 1729429202610, "stop": 1729429235817, "uuid": "9132ae6f-be9a-44c2-8d02-140996467021", "historyId": "190b09abcd6c5ed17aef79066d090e97", "testCaseId": "190b09abcd6c5ed17aef79066d090e97", "fullName": "tests.kyc.test_create_account#test_kyc", "labels": [{"name": "severity", "value": "critical"}, {"name": "feature", "value": "User Account Creation"}, {"name": "story", "value": "Create a new user account"}, {"name": "tag", "value": "order(1)"}, {"name": "parentSuite", "value": "tests.kyc"}, {"name": "suite", "value": "test_create_account"}, {"name": "host", "value": "ajamshidi-lap-qa"}, {"name": "thread", "value": "37584-MainThread"}, {"name": "framework", "value": "pytest"}, {"name": "language", "value": "cpython3"}, {"name": "package", "value": "tests.kyc.test_create_account"}]}