{"name": "test_login_and_go_to_settings", "status": "broken", "statusDetails": {"message": "selenium.common.exceptions.TimeoutException: Message: \nStacktrace:\nNoSuchElementError: An element could not be located on the page using the given search parameters.\n    at AndroidUiautomator2Driver.findElOrEls (C:\\Users\\a.jamshidi\\.appium\\node_modules\\appium-uiautomator2-driver\\node_modules\\appium-android-driver\\lib\\commands\\find.ts:86:11)\n    at processTicksAndRejections (node:internal/process/task_queues:95:5)\n    at AndroidUiautomator2Driver.findElOrElsWithProcessing (C:\\Users\\a.jamshidi\\AppData\\Roaming\\npm\\node_modules\\appium\\node_modules\\@appium\\base-driver\\lib\\basedriver\\commands\\find.ts:60:12)\n    at AndroidUiautomator2Driver.findElement (C:\\Users\\a.jamshidi\\AppData\\Roaming\\npm\\node_modules\\appium\\node_modules\\@appium\\base-driver\\lib\\basedriver\\commands\\find.ts:75:12)", "trace": "login_and_dashboard = <pages.dashboard.dashboard_page.DashboardPage object at 0x00000278BC22E6D0>\n\n    @pytest.mark.order(0)  # ترتیب اجرای تست\n    @allure.feature(\"Login\")  # ویژگی اصلی برای لاگین\n    @allure.story(\"Login and Navigate to Settings\")  # داستانی که تست را توصیف می‌کند\n    @allure.severity(allure.severity_level.CRITICAL)  # سطح اهمیت تست\n    def test_login_and_go_to_settings(login_and_dashboard):\n        \"\"\"تست لاگین و ورود به صفحه تنظیمات از داشبورد\"\"\"\n    \n        dashboard_page = login_and_dashboard\n        driver = dashboard_page.driver  # فرض می‌کنیم driver در اینجا وجود دارد\n    \n        try:\n            with allure.step(\"Start test: open profile page from dashboard\"):\n                logger.info(\"Starting test open profile page...\")\n    \n            with allure.step(\"Click on settings button in the dashboard\"):\n                logger.info(\"کلیک روی دکمه تنظیمات در داشبورد...\")\n                settings_page = dashboard_page.click_settings_button()\n    \n            with allure.step(\"Check if the settings page is displayed\"):\n                assert settings_page.is_page_displayed(), \"صفحه تنظیمات نمایش داده نشده است.\"\n                allure.attach(\"Settings Page\", \"Settings page displayed successfully\", allure.attachment_type.TEXT)\n                logger.info(\"وارد صفحه تنظیمات شدید.\")\n    \n        except AssertionError as e:\n            # در صورت بروز خطا، اسکرین‌شات گرفته و به گزارش اضافه می‌شود\n            logger.error(f\"خطا رخ داد: {e}\")\n            capture_screenshot(driver, \"settings_page_error\")\n            raise e  # بالا بردن مجدد خطا برای ثبت در pytest\n    \n        except Exception as e:\n            # برای هر خطای غیرمنتظره، اسکرین‌شات گرفته می‌شود\n            logger.error(f\"Unexpected error: {e}\")\n            capture_screenshot(driver, \"unexpected_error\")\n>           raise e\n\ntests\\settings\\test_open_profile_page.py:63: \n_ _ _ _ _ _ _ _ _ _ _ _ _ _ _ _ _ _ _ _ _ _ _ _ _ _ _ _ _ _ _ _ _ _ _ _ _ _ _ _\ntests\\settings\\test_open_profile_page.py:46: in test_login_and_go_to_settings\n    settings_page = dashboard_page.click_settings_button()\npages\\dashboard\\dashboard_page.py:50: in click_settings_button\n    WebDriverWait(self.driver, 20).until(\n_ _ _ _ _ _ _ _ _ _ _ _ _ _ _ _ _ _ _ _ _ _ _ _ _ _ _ _ _ _ _ _ _ _ _ _ _ _ _ _\n\nself = <selenium.webdriver.support.wait.WebDriverWait (session=\"4b1b84b0-2bb9-4b1c-9160-0778b9ef0565\")>\nmethod = <function element_to_be_clickable.<locals>._predicate at 0x00000278BB6FEEE0>\nmessage = ''\n\n    def until(self, method: Callable[[D], Union[Literal[False], T]], message: str = \"\") -> T:\n        \"\"\"Calls the method provided with the driver as an argument until the \\\n        return value does not evaluate to ``False``.\n    \n        :param method: callable(WebDriver)\n        :param message: optional message for :exc:`TimeoutException`\n        :returns: the result of the last call to `method`\n        :raises: :exc:`selenium.common.exceptions.TimeoutException` if timeout occurs\n        \"\"\"\n        screen = None\n        stacktrace = None\n    \n        end_time = time.monotonic() + self._timeout\n        while True:\n            try:\n                value = method(self._driver)\n                if value:\n                    return value\n            except self._ignored_exceptions as exc:\n                screen = getattr(exc, \"screen\", None)\n                stacktrace = getattr(exc, \"stacktrace\", None)\n            time.sleep(self._poll)\n            if time.monotonic() > end_time:\n                break\n>       raise TimeoutException(message, screen, stacktrace)\nE       selenium.common.exceptions.TimeoutException: Message: \nE       Stacktrace:\nE       NoSuchElementError: An element could not be located on the page using the given search parameters.\nE           at AndroidUiautomator2Driver.findElOrEls (C:\\Users\\a.jamshidi\\.appium\\node_modules\\appium-uiautomator2-driver\\node_modules\\appium-android-driver\\lib\\commands\\find.ts:86:11)\nE           at processTicksAndRejections (node:internal/process/task_queues:95:5)\nE           at AndroidUiautomator2Driver.findElOrElsWithProcessing (C:\\Users\\a.jamshidi\\AppData\\Roaming\\npm\\node_modules\\appium\\node_modules\\@appium\\base-driver\\lib\\basedriver\\commands\\find.ts:60:12)\nE           at AndroidUiautomator2Driver.findElement (C:\\Users\\a.jamshidi\\AppData\\Roaming\\npm\\node_modules\\appium\\node_modules\\@appium\\base-driver\\lib\\basedriver\\commands\\find.ts:75:12)\n\n.venv\\lib\\site-packages\\selenium\\webdriver\\support\\wait.py:105: TimeoutException"}, "description": "تست لاگین و ورود به صفحه تنظیمات از داشبورد", "steps": [{"name": "Start test: open profile page from dashboard", "status": "passed", "start": 1728305130967, "stop": 1728305130967}, {"name": "Click on settings button in the dashboard", "status": "broken", "statusDetails": {"message": "selenium.common.exceptions.TimeoutException: Message: \nStacktrace:\nNoSuchElementError: An element could not be located on the page using the given search parameters.\n    at AndroidUiautomator2Driver.findElOrEls (C:\\Users\\a.jamshidi\\.appium\\node_modules\\appium-uiautomator2-driver\\node_modules\\appium-android-driver\\lib\\commands\\find.ts:86:11)\n    at processTicksAndRejections (node:internal/process/task_queues:95:5)\n    at AndroidUiautomator2Driver.findElOrElsWithProcessing (C:\\Users\\a.jamshidi\\AppData\\Roaming\\npm\\node_modules\\appium\\node_modules\\@appium\\base-driver\\lib\\basedriver\\commands\\find.ts:60:12)\n    at AndroidUiautomator2Driver.findElement (C:\\Users\\a.jamshidi\\AppData\\Roaming\\npm\\node_modules\\appium\\node_modules\\@appium\\base-driver\\lib\\basedriver\\commands\\find.ts:75:12)\n", "trace": "  File \"C:\\Users\\a.jamshidi\\android_automation\\android_automation\\tests\\settings\\test_open_profile_page.py\", line 46, in test_login_and_go_to_settings\n    settings_page = dashboard_page.click_settings_button()\n  File \"C:\\Users\\a.jamshidi\\android_automation\\android_automation\\pages\\dashboard\\dashboard_page.py\", line 50, in click_settings_button\n    WebDriverWait(self.driver, 20).until(\n  File \"C:\\Users\\a.jamshidi\\android_automation\\android_automation\\.venv\\lib\\site-packages\\selenium\\webdriver\\support\\wait.py\", line 105, in until\n    raise TimeoutException(message, screen, stacktrace)\n"}, "start": 1728305130967, "stop": 1728305151478}], "attachments": [{"name": "unexpected_error_20241007_161551.png", "source": "21cba99e-7166-4694-ac4f-9d82bb40c07f-attachment.png", "type": "image/png"}, {"name": "log", "source": "35ef2f65-7858-490b-a993-cdad2f701c2b-attachment.txt", "type": "text/plain"}, {"name": "stderr", "source": "fb6d59ef-8656-4809-9115-44f3943ab44d-attachment.txt", "type": "text/plain"}], "start": 1728305130966, "stop": 1728305152428, "uuid": "419e3719-a635-4b1d-9e9b-e8b130d8744d", "historyId": "047c005528f164f5b9a530d6c08878f6", "testCaseId": "047c005528f164f5b9a530d6c08878f6", "fullName": "tests.settings.test_open_profile_page#test_login_and_go_to_settings", "labels": [{"name": "feature", "value": "Login"}, {"name": "story", "value": "Login and Navigate to Settings"}, {"name": "severity", "value": "critical"}, {"name": "tag", "value": "order(0)"}, {"name": "parentSuite", "value": "tests.settings"}, {"name": "suite", "value": "test_open_profile_page"}, {"name": "host", "value": "ajamshidi-lap-qa"}, {"name": "thread", "value": "138720-MainThread"}, {"name": "framework", "value": "pytest"}, {"name": "language", "value": "cpython3"}, {"name": "package", "value": "tests.settings.test_open_profile_page"}]}