{"name": "test_kyc", "status": "broken", "statusDetails": {"message": "selenium.common.exceptions.TimeoutException: Message: \nStacktrace:\nNoSuchElementError: An element could not be located on the page using the given search parameters.\n    at AndroidUiautomator2Driver.findElOrEls (C:\\Users\\a.jamshidi\\.appium\\node_modules\\appium-uiautomator2-driver\\node_modules\\appium-android-driver\\lib\\commands\\find.ts:86:11)\n    at processTicksAndRejections (node:internal/process/task_queues:95:5)\n    at AndroidUiautomator2Driver.findElOrElsWithProcessing (C:\\Users\\a.jamshidi\\AppData\\Roaming\\npm\\node_modules\\appium\\node_modules\\@appium\\base-driver\\lib\\basedriver\\commands\\find.ts:60:12)\n    at AndroidUiautomator2Driver.findElement (C:\\Users\\a.jamshidi\\AppData\\Roaming\\npm\\node_modules\\appium\\node_modules\\@appium\\base-driver\\lib\\basedriver\\commands\\find.ts:75:12)", "trace": "open_app_without_login = <appium.webdriver.webdriver.WebDriver (session=\"934a0a13-ed9f-46a3-8931-ea92dbc22eef\")>\n\n    @pytest.mark.order(1)\n    @allure.feature(\"User Account Creation\")\n    @allure.story(\"Create a new user account\")\n    @allure.severity(allure.severity_level.CRITICAL)\n    def test_kyc(open_app_without_login):\n        driver = open_app_without_login\n    \n        try:\n            # بررسی دسترسی نوتیفیکیشن\n            notification_permission_page = NotificationPermissionPage(driver)\n            notification_permission_page.allow_notification_permission()\n            logger.info(\"Clicked on 'Allow' button for notification permission.\")\n    \n            # مرحله 1: کلیک روی دکمه 'ایجاد حساب کاربری'\n            with allure.step(\"Click on 'Create Account' button\"):\n                logger.info(\"کلیک روی دکمه 'ایجاد حساب کاربری'...\")\n                create_account_page = CreateAccountPage(driver)\n                create_account_page.click_create_account()\n                logger.info(\"دکمه 'ایجاد حساب کاربری' کلیک شد.\")\n    \n            # مرحله 2: کلیک روی دکمه 'بازکردن حساب'\n            with allure.step(\"Click on 'Open Account' button\"):\n                logger.info(\"کلیک روی دکمه 'بازکردن حساب'...\")\n                open_account_page = OpenAccountPage(driver)\n                open_account_page.click_open_account()\n                logger.info(\"دکمه 'بازکردن حساب' کلیک شد.\")\n    \n            # مرحله 3: انتخاب UAT در سرور\n            with allure.step(\"click on 'UAT' from server selection\"):\n                logger.info(\"انتخاب سرور 'UAT'...\")\n                select_server_page = SelectServerPage(driver)\n                select_server_page.select_uat_server()\n                logger.info(\"سرور 'UAT' انتخاب شد.\")\n    \n            # مرحله 4: کلیک روی 'شروع'\n            with allure.step(\"Click on 'Start' button\"):\n                logger.info(\"کلیک روی دکمه 'شروع'...\")\n                create_account_info_page = CreateAccountInfoPage(driver)\n                create_account_info_page.click_start()\n                logger.info(\"دکمه 'شروع' کلیک شد.\")\n    \n        except Exception as e:\n            logger.error(f\"خطا رخ داد: {e}\")\n            capture_screenshot(driver, \"account_creation_error\")\n>           raise e\n\ntests\\kyc\\test_create_account.py:59: \n_ _ _ _ _ _ _ _ _ _ _ _ _ _ _ _ _ _ _ _ _ _ _ _ _ _ _ _ _ _ _ _ _ _ _ _ _ _ _ _\ntests\\kyc\\test_create_account.py:32: in test_kyc\n    create_account_page.click_create_account()\npages\\kyc\\kyc_pages.py:12: in click_create_account\n    create_account_button = WebDriverWait(self.driver, 10).until(\n_ _ _ _ _ _ _ _ _ _ _ _ _ _ _ _ _ _ _ _ _ _ _ _ _ _ _ _ _ _ _ _ _ _ _ _ _ _ _ _\n\nself = <selenium.webdriver.support.wait.WebDriverWait (session=\"934a0a13-ed9f-46a3-8931-ea92dbc22eef\")>\nmethod = <function presence_of_element_located.<locals>._predicate at 0x0000017738E2FC10>\nmessage = ''\n\n    def until(self, method: Callable[[D], Union[Literal[False], T]], message: str = \"\") -> T:\n        \"\"\"Calls the method provided with the driver as an argument until the \\\n        return value does not evaluate to ``False``.\n    \n        :param method: callable(WebDriver)\n        :param message: optional message for :exc:`TimeoutException`\n        :returns: the result of the last call to `method`\n        :raises: :exc:`selenium.common.exceptions.TimeoutException` if timeout occurs\n        \"\"\"\n        screen = None\n        stacktrace = None\n    \n        end_time = time.monotonic() + self._timeout\n        while True:\n            try:\n                value = method(self._driver)\n                if value:\n                    return value\n            except self._ignored_exceptions as exc:\n                screen = getattr(exc, \"screen\", None)\n                stacktrace = getattr(exc, \"stacktrace\", None)\n            time.sleep(self._poll)\n            if time.monotonic() > end_time:\n                break\n>       raise TimeoutException(message, screen, stacktrace)\nE       selenium.common.exceptions.TimeoutException: Message: \nE       Stacktrace:\nE       NoSuchElementError: An element could not be located on the page using the given search parameters.\nE           at AndroidUiautomator2Driver.findElOrEls (C:\\Users\\a.jamshidi\\.appium\\node_modules\\appium-uiautomator2-driver\\node_modules\\appium-android-driver\\lib\\commands\\find.ts:86:11)\nE           at processTicksAndRejections (node:internal/process/task_queues:95:5)\nE           at AndroidUiautomator2Driver.findElOrElsWithProcessing (C:\\Users\\a.jamshidi\\AppData\\Roaming\\npm\\node_modules\\appium\\node_modules\\@appium\\base-driver\\lib\\basedriver\\commands\\find.ts:60:12)\nE           at AndroidUiautomator2Driver.findElement (C:\\Users\\a.jamshidi\\AppData\\Roaming\\npm\\node_modules\\appium\\node_modules\\@appium\\base-driver\\lib\\basedriver\\commands\\find.ts:75:12)\n\nC:\\Users\\a.jamshidi\\android_automation\\android_automation\\.venv\\lib\\site-packages\\selenium\\webdriver\\support\\wait.py:105: TimeoutException"}, "steps": [{"name": "Click on 'Create Account' button", "status": "broken", "statusDetails": {"message": "selenium.common.exceptions.TimeoutException: Message: \nStacktrace:\nNoSuchElementError: An element could not be located on the page using the given search parameters.\n    at AndroidUiautomator2Driver.findElOrEls (C:\\Users\\a.jamshidi\\.appium\\node_modules\\appium-uiautomator2-driver\\node_modules\\appium-android-driver\\lib\\commands\\find.ts:86:11)\n    at processTicksAndRejections (node:internal/process/task_queues:95:5)\n    at AndroidUiautomator2Driver.findElOrElsWithProcessing (C:\\Users\\a.jamshidi\\AppData\\Roaming\\npm\\node_modules\\appium\\node_modules\\@appium\\base-driver\\lib\\basedriver\\commands\\find.ts:60:12)\n    at AndroidUiautomator2Driver.findElement (C:\\Users\\a.jamshidi\\AppData\\Roaming\\npm\\node_modules\\appium\\node_modules\\@appium\\base-driver\\lib\\basedriver\\commands\\find.ts:75:12)\n", "trace": "  File \"G:\\android_automation\\tests\\kyc\\test_create_account.py\", line 32, in test_kyc\n    create_account_page.click_create_account()\n  File \"G:\\android_automation\\pages\\kyc\\kyc_pages.py\", line 12, in click_create_account\n    create_account_button = WebDriverWait(self.driver, 10).until(\n  File \"C:\\Users\\a.jamshidi\\android_automation\\android_automation\\.venv\\lib\\site-packages\\selenium\\webdriver\\support\\wait.py\", line 105, in until\n    raise TimeoutException(message, screen, stacktrace)\n"}, "start": 1729415398699, "stop": 1729415408867}], "attachments": [{"name": "account_creation_error_20241020_124008.png", "source": "378f124a-f1b6-4e9e-affe-0a700e467f2f-attachment.png", "type": "image/png"}, {"name": "log", "source": "5ebc512d-d588-4259-aa0d-c0850a8f656f-attachment.txt", "type": "text/plain"}, {"name": "stderr", "source": "4468dc97-b5ad-4307-9d72-a772d6346c9c-attachment.txt", "type": "text/plain"}], "start": 1729415397847, "stop": 1729415409512, "uuid": "b677ac95-5514-4807-b873-98a7018b540e", "historyId": "190b09abcd6c5ed17aef79066d090e97", "testCaseId": "190b09abcd6c5ed17aef79066d090e97", "fullName": "tests.kyc.test_create_account#test_kyc", "labels": [{"name": "feature", "value": "User Account Creation"}, {"name": "story", "value": "Create a new user account"}, {"name": "severity", "value": "critical"}, {"name": "tag", "value": "order(1)"}, {"name": "parentSuite", "value": "tests.kyc"}, {"name": "suite", "value": "test_create_account"}, {"name": "host", "value": "ajamshidi-lap-qa"}, {"name": "thread", "value": "28900-MainThread"}, {"name": "framework", "value": "pytest"}, {"name": "language", "value": "cpython3"}, {"name": "package", "value": "tests.kyc.test_create_account"}]}