{"name": "test_select_box_type_page", "status": "broken", "statusDetails": {"message": "selenium.common.exceptions.TimeoutException: Message: \nStacktrace:\nNoSuchElementError: An element could not be located on the page using the given search parameters.\n    at AndroidUiautomator2Driver.findElOrEls (C:\\Users\\a.jamshidi\\.appium\\node_modules\\appium-uiautomator2-driver\\node_modules\\appium-android-driver\\lib\\commands\\find.ts:86:11)\n    at processTicksAndRejections (node:internal/process/task_queues:95:5)\n    at AndroidUiautomator2Driver.findElOrElsWithProcessing (C:\\Users\\a.jamshidi\\AppData\\Roaming\\npm\\node_modules\\appium\\node_modules\\@appium\\base-driver\\lib\\basedriver\\commands\\find.ts:60:12)\n    at AndroidUiautomator2Driver.findElement (C:\\Users\\a.jamshidi\\AppData\\Roaming\\npm\\node_modules\\appium\\node_modules\\@appium\\base-driver\\lib\\basedriver\\commands\\find.ts:75:12)", "trace": "login_and_dashboard = <pages.dashboard.dashboard_page.DashboardPage object at 0x000002905D588A00>\n\n    @pytest.mark.order(2)\n    def test_select_box_type_page(login_and_dashboard):\n        \"\"\"تست بررسی صفحه انتخاب نوع باکس و صحت عنوان‌ها و توضیحات\"\"\"\n    \n        dashboard_page = login_and_dashboard\n    \n        # کلیک روی آیکون باکس برای باز کردن صفحه باکس\n        logger.info(\"کلیک روی آیکون باکس برای باز کردن صفحه باکس...\")\n        box_page = dashboard_page.click_box_icon()\n    \n        # بستن صفحه انبوردینگ\n        logger.info(\"بستن صفحه انبوردینگ...\")\n        box_page.close_onboarding()\n    \n        # کلیک روی دکمه \"باکس جدید\"\n        logger.info(\"کلیک روی دکمه 'باکس جدید'...\")\n        select_box_type_page = box_page.click_new_box()\n    \n        # بررسی اینکه آیا وارد صفحه انتخاب نوع باکس شده‌اید\n        assert select_box_type_page.is_page_displayed(), \"صفحه انتخاب نوع باکس نمایش داده نشده است.\"\n    \n        # بررسی عنوان و توضیحات باکس عادی\n        logger.info(\"بررسی عنوان و توضیحات باکس عادی...\")\n        assert select_box_type_page.is_normal_box_title_correct(), \"عنوان 'بلوباکس' نادرست است.\"\n        assert select_box_type_page.is_normal_box_description_correct(), \"توضیح 'بلوباکس' نادرست است.\"\n    \n        # بررسی عنوان و توضیحات باکس بلند مدت\n        logger.info(\"بررسی عنوان و توضیحات باکس بلند مدت...\")\n        assert select_box_type_page.is_long_term_box_title_correct(), \"عنوان 'بیگ‌باکس' نادرست است.\"\n        assert select_box_type_page.is_long_term_box_description_correct(), \"توضیح 'بیگ‌باکس' نادرست است.\"\n    \n        # انتخاب باکس عادی\n        logger.info(\"انتخاب باکس عادی (بلوباکس)...\")\n        create_box_page = select_box_type_page.select_normal_box()\n    \n        # استفاده از انتظار صریح برای بستن کیبورد\n        logger.info(\"بستن کیبورد...\")\n        create_box_page.close_keyboard()\n    \n        # وارد کردن نام باکس\n        logger.info(\"ورود نام باکس...\")\n        create_box_page.enter_box_name(\"My Test Box1\")\n    \n        # کلیک بر روی دکمه ساخت باکس\n        logger.info(\"کلیک روی دکمه ساخت باکس...\")\n        create_box_page.save_new_box()\n    \n        # بررسی اینکه باکس ساخته شده و به پروفایل باکس هدایت شده‌ایم\n        logger.info(\"بررسی اینکه باکس ساخته شده است...\")\n        box_profile_page = BoxProfilePage(create_box_page.driver)\n    \n        # استفاده از انتظار صریح برای بررسی نمایش صفحه پروفایل باکس\n>       WebDriverWait(create_box_page.driver, 20).until(\n            EC.visibility_of_element_located(box_profile_page.deposit_button)\n        )\n\ntests\\box\\test_create_box.py:61: \n_ _ _ _ _ _ _ _ _ _ _ _ _ _ _ _ _ _ _ _ _ _ _ _ _ _ _ _ _ _ _ _ _ _ _ _ _ _ _ _\n\nself = <selenium.webdriver.support.wait.WebDriverWait (session=\"c022c4a6-c420-4bef-b315-c8f60b090f23\")>\nmethod = <function visibility_of_element_located.<locals>._predicate at 0x000002905D5A3040>\nmessage = ''\n\n    def until(self, method: Callable[[D], Union[Literal[False], T]], message: str = \"\") -> T:\n        \"\"\"Calls the method provided with the driver as an argument until the \\\n        return value does not evaluate to ``False``.\n    \n        :param method: callable(WebDriver)\n        :param message: optional message for :exc:`TimeoutException`\n        :returns: the result of the last call to `method`\n        :raises: :exc:`selenium.common.exceptions.TimeoutException` if timeout occurs\n        \"\"\"\n        screen = None\n        stacktrace = None\n    \n        end_time = time.monotonic() + self._timeout\n        while True:\n            try:\n                value = method(self._driver)\n                if value:\n                    return value\n            except self._ignored_exceptions as exc:\n                screen = getattr(exc, \"screen\", None)\n                stacktrace = getattr(exc, \"stacktrace\", None)\n            time.sleep(self._poll)\n            if time.monotonic() > end_time:\n                break\n>       raise TimeoutException(message, screen, stacktrace)\nE       selenium.common.exceptions.TimeoutException: Message: \nE       Stacktrace:\nE       NoSuchElementError: An element could not be located on the page using the given search parameters.\nE           at AndroidUiautomator2Driver.findElOrEls (C:\\Users\\a.jamshidi\\.appium\\node_modules\\appium-uiautomator2-driver\\node_modules\\appium-android-driver\\lib\\commands\\find.ts:86:11)\nE           at processTicksAndRejections (node:internal/process/task_queues:95:5)\nE           at AndroidUiautomator2Driver.findElOrElsWithProcessing (C:\\Users\\a.jamshidi\\AppData\\Roaming\\npm\\node_modules\\appium\\node_modules\\@appium\\base-driver\\lib\\basedriver\\commands\\find.ts:60:12)\nE           at AndroidUiautomator2Driver.findElement (C:\\Users\\a.jamshidi\\AppData\\Roaming\\npm\\node_modules\\appium\\node_modules\\@appium\\base-driver\\lib\\basedriver\\commands\\find.ts:75:12)\n\n.venv\\lib\\site-packages\\selenium\\webdriver\\support\\wait.py:105: TimeoutException"}, "description": "تست بررسی صفحه انتخاب نوع باکس و صحت عنوان‌ها و توضیحات", "attachments": [{"name": "log", "source": "92a89b04-9b13-4087-83e4-540f67429468-attachment.txt", "type": "text/plain"}, {"name": "stderr", "source": "d5b2472e-4889-4f12-9b1b-28df9b4d0560-attachment.txt", "type": "text/plain"}], "start": 1728298696787, "stop": 1728298746519, "uuid": "10683804-f35f-4449-812f-56e25f384432", "historyId": "0a5316dd4748ed70e07392f77c146c80", "testCaseId": "0a5316dd4748ed70e07392f77c146c80", "fullName": "tests.box.test_create_box#test_select_box_type_page", "labels": [{"name": "tag", "value": "order(2)"}, {"name": "parentSuite", "value": "tests.box"}, {"name": "suite", "value": "test_create_box"}, {"name": "host", "value": "ajamshidi-lap-qa"}, {"name": "thread", "value": "140768-MainThread"}, {"name": "framework", "value": "pytest"}, {"name": "language", "value": "cpython3"}, {"name": "package", "value": "tests.box.test_create_box"}]}