{"name": "test_check_first_box_and_navigate", "status": "broken", "statusDetails": {"message": "selenium.common.exceptions.NoSuchElementException: Message: An element could not be located on the page using the given search parameters.; For documentation on this error, please visit: https://www.selenium.dev/documentation/webdriver/troubleshooting/errors#no-such-element-exception\nStacktrace:\nNoSuchElementError: An element could not be located on the page using the given search parameters.\n    at AndroidUiautomator2Driver.findElOrEls (C:\\Users\\a.jamshidi\\.appium\\node_modules\\appium-uiautomator2-driver\\node_modules\\appium-android-driver\\lib\\commands\\find.ts:86:11)\n    at processTicksAndRejections (node:internal/process/task_queues:95:5)\n    at AndroidUiautomator2Driver.findElOrElsWithProcessing (C:\\Users\\a.jamshidi\\AppData\\Roaming\\npm\\node_modules\\appium\\node_modules\\@appium\\base-driver\\lib\\basedriver\\commands\\find.ts:60:12)\n    at AndroidUiautomator2Driver.findElement (C:\\Users\\a.jamshidi\\AppData\\Roaming\\npm\\node_modules\\appium\\node_modules\\@appium\\base-driver\\lib\\basedriver\\commands\\find.ts:75:12)", "trace": "login_and_dashboard = <pages.dashboard.dashboard_page.DashboardPage object at 0x0000014F84728880>\n\n    @pytest.mark.order(3)\n    @allure.feature(\"Box Page\")\n    @allure.story(\"Check First Box and Navigate to Profile\")\n    @allure.severity(allure.severity_level.NORMAL)\n    def test_check_first_box_and_navigate(login_and_dashboard):\n        \"\"\"تست بررسی نام و مقدار اولین باکس و هدایت به صفحه پروفایل باکس\"\"\"\n    \n        box_page = login_and_dashboard\n        driver = box_page.driver\n    \n        # متغیر برای ذخیره نتیجه تست\n        errors = []\n    \n        try:\n            with allure.step(\"Click on box icon to open box page\"):\n                logger.info(\"کلیک روی آیکون باکس برای باز کردن صفحه باکس...\")\n                box_page = login_and_dashboard.click_box_icon()\n    \n            with allure.step(\"Close the onboarding page\"):\n                logger.info(\"بستن صفحه انبوردینگ...\")\n                box_page.close_onboarding()\n    \n            with allure.step(\"Check if first box name is correct\"):\n                assert box_page.is_first_box_name_correct(), \"نام اولین باکس نادرست است.\"\n                logger.info(\"نام اولین باکس صحیح است.\")\n    \n            with allure.step(\"Check if first box amount is correct\"):\n                assert box_page.is_first_box_amount_correct(), \"مقدار اولین باکس نادرست است.\"\n                logger.info(\"مقدار اولین باکس صحیح است.\")\n    \n            with allure.step(\"Click on the first box and navigate to profile\"):\n                logger.info(\"کلیک روی اولین باکس و هدایت به صفحه پروفایل باکس...\")\n                box_profile_page = box_page.click_first_box()\n    \n                # تایید نمایش صفحه پروفایل\n                assert box_profile_page.is_page_displayed(), \"صفحه پروفایل باکس نمایش داده نشده است.\"\n                logger.info(\"صفحه پروفایل باکس نمایش داده شد.\")\n    \n        except Exception as e:\n            logger.error(f\"خطا رخ داد: {e}\")\n            capture_screenshot(driver, \"first_box_test_error\")\n>           raise e\n\ntests\\box\\test_first_box_profile.py:50: \n_ _ _ _ _ _ _ _ _ _ _ _ _ _ _ _ _ _ _ _ _ _ _ _ _ _ _ _ _ _ _ _ _ _ _ _ _ _ _ _\ntests\\box\\test_first_box_profile.py:25: in test_check_first_box_and_navigate\n    box_page = login_and_dashboard.click_box_icon()\npages\\dashboard\\dashboard_page.py:45: in click_box_icon\n    self.click(self.box_button)\npages\\base_page.py:13: in click\n    element = self.driver.find_element(*locator)\nC:\\Users\\a.jamshidi\\android_automation\\android_automation\\.venv\\lib\\site-packages\\appium\\webdriver\\webdriver.py:382: in find_element\n    return self.execute(RemoteCommand.FIND_ELEMENT, {'using': by, 'value': value})['value']\nC:\\Users\\a.jamshidi\\android_automation\\android_automation\\.venv\\lib\\site-packages\\selenium\\webdriver\\remote\\webdriver.py:354: in execute\n    self.error_handler.check_response(response)\n_ _ _ _ _ _ _ _ _ _ _ _ _ _ _ _ _ _ _ _ _ _ _ _ _ _ _ _ _ _ _ _ _ _ _ _ _ _ _ _\n\nself = <appium.webdriver.errorhandler.MobileErrorHandler object at 0x0000014F847287F0>\nresponse = {'status': 404, 'value': '{\"value\":{\"error\":\"no such element\",\"message\":\"An element could not be located on the page u...ode_modules\\\\\\\\appium\\\\\\\\node_modules\\\\\\\\@appium\\\\\\\\base-driver\\\\\\\\lib\\\\\\\\basedriver\\\\\\\\commands\\\\\\\\find.ts:75:12)\"}}'}\n\n    def check_response(self, response: Dict[str, Any]) -> None:\n        \"\"\"\n        https://www.w3.org/TR/webdriver/#errors\n        \"\"\"\n        payload = response.get('value', '')\n        if isinstance(payload, dict):\n            payload_dict = payload\n        else:\n            try:\n                payload_dict = json.loads(payload)\n            except (json.JSONDecodeError, TypeError):\n                return\n            if not isinstance(payload_dict, dict):\n                return\n        value = payload_dict.get('value')\n        if not isinstance(value, dict):\n            return\n        error = value.get('error')\n        if not error:\n            return\n    \n        message = value.get('message', error)\n        stacktrace = value.get('stacktrace', '')\n        # In theory, we should also be checking HTTP status codes.\n        # Java client, for example, prints a warning if the actual `error`\n        # value does not match to the response's HTTP status code.\n        exception_class: Type[sel_exceptions.WebDriverException] = ERROR_TO_EXC_MAPPING.get(\n            error, sel_exceptions.WebDriverException\n        )\n        if exception_class is sel_exceptions.WebDriverException and message:\n            if message == 'No such context found.':\n                exception_class = appium_exceptions.NoSuchContextException\n            elif message == 'That command could not be executed in the current context.':\n                exception_class = appium_exceptions.InvalidSwitchToTargetException\n    \n        if exception_class is sel_exceptions.UnexpectedAlertPresentException:\n            raise sel_exceptions.UnexpectedAlertPresentException(\n                msg=message,\n                stacktrace=format_stacktrace(stacktrace),\n                alert_text=value.get('data'),\n            )\n>       raise exception_class(msg=message, stacktrace=format_stacktrace(stacktrace))\nE       selenium.common.exceptions.NoSuchElementException: Message: An element could not be located on the page using the given search parameters.; For documentation on this error, please visit: https://www.selenium.dev/documentation/webdriver/troubleshooting/errors#no-such-element-exception\nE       Stacktrace:\nE       NoSuchElementError: An element could not be located on the page using the given search parameters.\nE           at AndroidUiautomator2Driver.findElOrEls (C:\\Users\\a.jamshidi\\.appium\\node_modules\\appium-uiautomator2-driver\\node_modules\\appium-android-driver\\lib\\commands\\find.ts:86:11)\nE           at processTicksAndRejections (node:internal/process/task_queues:95:5)\nE           at AndroidUiautomator2Driver.findElOrElsWithProcessing (C:\\Users\\a.jamshidi\\AppData\\Roaming\\npm\\node_modules\\appium\\node_modules\\@appium\\base-driver\\lib\\basedriver\\commands\\find.ts:60:12)\nE           at AndroidUiautomator2Driver.findElement (C:\\Users\\a.jamshidi\\AppData\\Roaming\\npm\\node_modules\\appium\\node_modules\\@appium\\base-driver\\lib\\basedriver\\commands\\find.ts:75:12)\n\nC:\\Users\\a.jamshidi\\android_automation\\android_automation\\.venv\\lib\\site-packages\\appium\\webdriver\\errorhandler.py:125: NoSuchElementException"}, "description": "تست بررسی نام و مقدار اولین باکس و هدایت به صفحه پروفایل باکس", "steps": [{"name": "Click on box icon to open box page", "status": "broken", "statusDetails": {"message": "selenium.common.exceptions.NoSuchElementException: Message: An element could not be located on the page using the given search parameters.; For documentation on this error, please visit: https://www.selenium.dev/documentation/webdriver/troubleshooting/errors#no-such-element-exception\nStacktrace:\nNoSuchElementError: An element could not be located on the page using the given search parameters.\n    at AndroidUiautomator2Driver.findElOrEls (C:\\Users\\a.jamshidi\\.appium\\node_modules\\appium-uiautomator2-driver\\node_modules\\appium-android-driver\\lib\\commands\\find.ts:86:11)\n    at processTicksAndRejections (node:internal/process/task_queues:95:5)\n    at AndroidUiautomator2Driver.findElOrElsWithProcessing (C:\\Users\\a.jamshidi\\AppData\\Roaming\\npm\\node_modules\\appium\\node_modules\\@appium\\base-driver\\lib\\basedriver\\commands\\find.ts:60:12)\n    at AndroidUiautomator2Driver.findElement (C:\\Users\\a.jamshidi\\AppData\\Roaming\\npm\\node_modules\\appium\\node_modules\\@appium\\base-driver\\lib\\basedriver\\commands\\find.ts:75:12)\n", "trace": "  File \"G:\\android_automation\\tests\\box\\test_first_box_profile.py\", line 25, in test_check_first_box_and_navigate\n    box_page = login_and_dashboard.click_box_icon()\n  File \"G:\\android_automation\\pages\\dashboard\\dashboard_page.py\", line 45, in click_box_icon\n    self.click(self.box_button)\n  File \"G:\\android_automation\\pages\\base_page.py\", line 13, in click\n    element = self.driver.find_element(*locator)\n  File \"C:\\Users\\a.jamshidi\\android_automation\\android_automation\\.venv\\lib\\site-packages\\appium\\webdriver\\webdriver.py\", line 382, in find_element\n    return self.execute(RemoteCommand.FIND_ELEMENT, {'using': by, 'value': value})['value']\n  File \"C:\\Users\\a.jamshidi\\android_automation\\android_automation\\.venv\\lib\\site-packages\\selenium\\webdriver\\remote\\webdriver.py\", line 354, in execute\n    self.error_handler.check_response(response)\n  File \"C:\\Users\\a.jamshidi\\android_automation\\android_automation\\.venv\\lib\\site-packages\\appium\\webdriver\\errorhandler.py\", line 125, in check_response\n    raise exception_class(msg=message, stacktrace=format_stacktrace(stacktrace))\n"}, "start": 1728997277808, "stop": 1728997278157}], "attachments": [{"name": "first_box_test_error_20241015_163118.png", "source": "66eee67e-884a-4766-9d4b-a586545822f9-attachment.png", "type": "image/png"}, {"name": "log", "source": "b73d1606-5f79-47ab-9bb7-a0c839220b6b-attachment.txt", "type": "text/plain"}, {"name": "stderr", "source": "d0b9e80c-7aa1-45cb-81f5-034c6d03d8e5-attachment.txt", "type": "text/plain"}], "start": 1728997277807, "stop": 1728997279327, "uuid": "ff1d15d0-22cd-40ab-b311-1e8959421c87", "historyId": "4830fe53d7efbeb6d1ea27b285ec02a4", "testCaseId": "4830fe53d7efbeb6d1ea27b285ec02a4", "fullName": "tests.box.test_first_box_profile#test_check_first_box_and_navigate", "labels": [{"name": "story", "value": "Check First Box and Navigate to Profile"}, {"name": "feature", "value": "Box Page"}, {"name": "severity", "value": "normal"}, {"name": "tag", "value": "order(3)"}, {"name": "parentSuite", "value": "tests.box"}, {"name": "suite", "value": "test_first_box_profile"}, {"name": "host", "value": "ajamshidi-lap-qa"}, {"name": "thread", "value": "181388-MainThread"}, {"name": "framework", "value": "pytest"}, {"name": "language", "value": "cpython3"}, {"name": "package", "value": "tests.box.test_first_box_profile"}]}