{"name": "test_kyc", "status": "broken", "statusDetails": {"message": "selenium.common.exceptions.TimeoutException: Message: \nStacktrace:\nNoSuchElementError: An element could not be located on the page using the given search parameters.\n    at AndroidUiautomator2Driver.findElOrEls (C:\\Users\\a.jamshidi\\.appium\\node_modules\\appium-uiautomator2-driver\\node_modules\\appium-android-driver\\lib\\commands\\find.ts:86:11)\n    at processTicksAndRejections (node:internal/process/task_queues:95:5)\n    at AndroidUiautomator2Driver.findElOrElsWithProcessing (C:\\Users\\a.jamshidi\\AppData\\Roaming\\npm\\node_modules\\appium\\node_modules\\@appium\\base-driver\\lib\\basedriver\\commands\\find.ts:60:12)\n    at AndroidUiautomator2Driver.findElement (C:\\Users\\a.jamshidi\\AppData\\Roaming\\npm\\node_modules\\appium\\node_modules\\@appium\\base-driver\\lib\\basedriver\\commands\\find.ts:75:12)", "trace": "open_app_without_login = <appium.webdriver.webdriver.WebDriver (session=\"2106fcac-37d4-43d2-85e9-b70481615dd2\")>\n\n    @pytest.mark.order(1)  # اولویت تست\n    @allure.feature(\"User Account Creation\")  # ویژگی\n    @allure.story(\"Create a new user account\")  # داستان تست\n    @allure.severity(allure.severity_level.CRITICAL)  # سطح اهمیت\n    @pytest.mark.order(1)\n    def test_kyc(open_app_without_login):\n        driver = open_app_without_login\n    \n        try:\n            # مرحله 1: کلیک روی دکمه 'ایجاد حساب کاربری'\n            with allure.step(\"Click on 'Create Account' button\"):\n                logger.info(\"کلیک روی دکمه 'ایجاد حساب کاربری'...\")\n                create_account_button = WebDriverWait(driver, 10).until(\n                    EC.presence_of_element_located((AppiumBy.ID, \"com.samanpr.blu.dev:id/openButton\"))\n                )\n                create_account_button.click()\n                logger.info(\"دکمه 'ایجاد حساب کاربری' کلیک شد.\")\n                # بررسی دسترسی نوتیفیکیشن (Allow)\n                try:\n                    allow_button = (AppiumBy.ID, \"com.android.permissioncontroller:id/permission_allow_button\")\n                    WebDriverWait(driver, 5).until(\n                        EC.visibility_of_element_located(allow_button)\n                    )\n                    driver.find_element(*allow_button).click()\n                    logger.info(\"Clicked on 'Allow' button for notification permission.\")\n                except TimeoutException:\n                    logger.info(\"No notification permission modal displayed, continuing.\")\n    \n            # مرحله 2: کلیک روی دکمه 'بازکردن حساب'\n            with allure.step(\"Click on 'Open Account' button\"):\n                logger.info(\"کلیک روی دکمه 'بازکردن حساب'...\")\n                open_account_button = WebDriverWait(driver, 10).until(\n                    EC.presence_of_element_located((AppiumBy.ID, \"com.samanpr.blu.dev:id/openAccountButton\"))\n                )\n                open_account_button.click()\n                logger.info(\"دکمه 'بازکردن حساب' کلیک شد.\")\n    \n            # مرحله 3: انتخاب UAT در سرور\n            with allure.step(\"Select 'UAT' from server selection\"):\n                logger.info(\"انتخاب سرور 'UAT'...\")\n                uat_button = WebDriverWait(driver, 10).until(\n                    EC.presence_of_element_located((AppiumBy.ANDROID_UIAUTOMATOR,\n                                                    'new UiSelector().className(\"android.view.ViewGroup\").instance(3)'))\n                )\n                uat_button.click()\n                logger.info(\"سرور 'UAT' انتخاب شد.\")\n    \n            with allure.step(\"Select 'start' on info page\"):\n                logger.info(\"کلیک بر روی دکمه شروع\")\n                select_start_button = CreateAccountInfoPage.click()\n    \n        except Exception as e:\n            logger.error(f\"خطا رخ داد: {e}\")\n            capture_screenshot(driver, \"account_creation_error\")\n>           raise e\n\ntests\\kyc\\test_create_account.py:74: \n_ _ _ _ _ _ _ _ _ _ _ _ _ _ _ _ _ _ _ _ _ _ _ _ _ _ _ _ _ _ _ _ _ _ _ _ _ _ _ _\ntests\\kyc\\test_create_account.py:32: in test_kyc\n    create_account_button = WebDriverWait(driver, 10).until(\n_ _ _ _ _ _ _ _ _ _ _ _ _ _ _ _ _ _ _ _ _ _ _ _ _ _ _ _ _ _ _ _ _ _ _ _ _ _ _ _\n\nself = <selenium.webdriver.support.wait.WebDriverWait (session=\"2106fcac-37d4-43d2-85e9-b70481615dd2\")>\nmethod = <function presence_of_element_located.<locals>._predicate at 0x0000023A8759E0D0>\nmessage = ''\n\n    def until(self, method: Callable[[D], Union[Literal[False], T]], message: str = \"\") -> T:\n        \"\"\"Calls the method provided with the driver as an argument until the \\\n        return value does not evaluate to ``False``.\n    \n        :param method: callable(WebDriver)\n        :param message: optional message for :exc:`TimeoutException`\n        :returns: the result of the last call to `method`\n        :raises: :exc:`selenium.common.exceptions.TimeoutException` if timeout occurs\n        \"\"\"\n        screen = None\n        stacktrace = None\n    \n        end_time = time.monotonic() + self._timeout\n        while True:\n            try:\n                value = method(self._driver)\n                if value:\n                    return value\n            except self._ignored_exceptions as exc:\n                screen = getattr(exc, \"screen\", None)\n                stacktrace = getattr(exc, \"stacktrace\", None)\n            time.sleep(self._poll)\n            if time.monotonic() > end_time:\n                break\n>       raise TimeoutException(message, screen, stacktrace)\nE       selenium.common.exceptions.TimeoutException: Message: \nE       Stacktrace:\nE       NoSuchElementError: An element could not be located on the page using the given search parameters.\nE           at AndroidUiautomator2Driver.findElOrEls (C:\\Users\\a.jamshidi\\.appium\\node_modules\\appium-uiautomator2-driver\\node_modules\\appium-android-driver\\lib\\commands\\find.ts:86:11)\nE           at processTicksAndRejections (node:internal/process/task_queues:95:5)\nE           at AndroidUiautomator2Driver.findElOrElsWithProcessing (C:\\Users\\a.jamshidi\\AppData\\Roaming\\npm\\node_modules\\appium\\node_modules\\@appium\\base-driver\\lib\\basedriver\\commands\\find.ts:60:12)\nE           at AndroidUiautomator2Driver.findElement (C:\\Users\\a.jamshidi\\AppData\\Roaming\\npm\\node_modules\\appium\\node_modules\\@appium\\base-driver\\lib\\basedriver\\commands\\find.ts:75:12)\n\nC:\\Users\\a.jamshidi\\android_automation\\android_automation\\.venv\\lib\\site-packages\\selenium\\webdriver\\support\\wait.py:105: TimeoutException"}, "steps": [{"name": "Click on 'Create Account' button", "status": "broken", "statusDetails": {"message": "selenium.common.exceptions.TimeoutException: Message: \nStacktrace:\nNoSuchElementError: An element could not be located on the page using the given search parameters.\n    at AndroidUiautomator2Driver.findElOrEls (C:\\Users\\a.jamshidi\\.appium\\node_modules\\appium-uiautomator2-driver\\node_modules\\appium-android-driver\\lib\\commands\\find.ts:86:11)\n    at processTicksAndRejections (node:internal/process/task_queues:95:5)\n    at AndroidUiautomator2Driver.findElOrElsWithProcessing (C:\\Users\\a.jamshidi\\AppData\\Roaming\\npm\\node_modules\\appium\\node_modules\\@appium\\base-driver\\lib\\basedriver\\commands\\find.ts:60:12)\n    at AndroidUiautomator2Driver.findElement (C:\\Users\\a.jamshidi\\AppData\\Roaming\\npm\\node_modules\\appium\\node_modules\\@appium\\base-driver\\lib\\basedriver\\commands\\find.ts:75:12)\n", "trace": "  File \"G:\\android_automation\\tests\\kyc\\test_create_account.py\", line 32, in test_kyc\n    create_account_button = WebDriverWait(driver, 10).until(\n  File \"C:\\Users\\a.jamshidi\\android_automation\\android_automation\\.venv\\lib\\site-packages\\selenium\\webdriver\\support\\wait.py\", line 105, in until\n    raise TimeoutException(message, screen, stacktrace)\n"}, "start": 1729413317500, "stop": 1729413328397}], "attachments": [{"name": "account_creation_error_20241020_120528.png", "source": "8d14a118-6d07-4bb5-9c02-951703df6b81-attachment.png", "type": "image/png"}, {"name": "log", "source": "1aca69c2-44b7-4282-8789-4c09913f3485-attachment.txt", "type": "text/plain"}, {"name": "stderr", "source": "f7d7404b-64db-46cd-974e-3160695da921-attachment.txt", "type": "text/plain"}], "start": 1729413317500, "stop": 1729413328945, "uuid": "078855ab-4279-49be-9c74-fba634a9d182", "historyId": "190b09abcd6c5ed17aef79066d090e97", "testCaseId": "190b09abcd6c5ed17aef79066d090e97", "fullName": "tests.kyc.test_create_account#test_kyc", "labels": [{"name": "severity", "value": "critical"}, {"name": "story", "value": "Create a new user account"}, {"name": "feature", "value": "User Account Creation"}, {"name": "tag", "value": "order(1)"}, {"name": "parentSuite", "value": "tests.kyc"}, {"name": "suite", "value": "test_create_account"}, {"name": "host", "value": "ajamshidi-lap-qa"}, {"name": "thread", "value": "40300-MainThread"}, {"name": "framework", "value": "pytest"}, {"name": "language", "value": "cpython3"}, {"name": "package", "value": "tests.kyc.test_create_account"}]}