{"name": "test_kyc", "status": "broken", "statusDetails": {"message": "selenium.common.exceptions.TimeoutException: Message: \nStacktrace:\nNoSuchElementError: An element could not be located on the page using the given search parameters.\n    at AndroidUiautomator2Driver.findElOrEls (C:\\Users\\a.jamshidi\\.appium\\node_modules\\appium-uiautomator2-driver\\node_modules\\appium-android-driver\\lib\\commands\\find.ts:86:11)\n    at processTicksAndRejections (node:internal/process/task_queues:95:5)\n    at AndroidUiautomator2Driver.findElOrElsWithProcessing (C:\\Users\\a.jamshidi\\AppData\\Roaming\\npm\\node_modules\\appium\\node_modules\\@appium\\base-driver\\lib\\basedriver\\commands\\find.ts:60:12)\n    at AndroidUiautomator2Driver.findElement (C:\\Users\\a.jamshidi\\AppData\\Roaming\\npm\\node_modules\\appium\\node_modules\\@appium\\base-driver\\lib\\basedriver\\commands\\find.ts:75:12)", "trace": "open_app_without_login = <appium.webdriver.webdriver.WebDriver (session=\"a7c7ec77-b2d8-4644-90ab-19a90651d452\")>\n\n    @pytest.mark.order(1)\n    @allure.feature(\"User Account Creation\")\n    @allure.story(\"Create a new user account\")\n    @allure.severity(allure.severity_level.CRITICAL)\n    def test_kyc(open_app_without_login):\n        driver = open_app_without_login\n        accept_page = AcceptRulesAndRegulations(driver)\n    \n        # بارگذاری فایل JSON برای دریافت متون مرجع\n        text_reference = load_text_reference()\n    \n        # متغیر برای ذخیره نتیجه تست\n        errors = []\n        try:\n            # مرحله 1: بررسی دسترسی نوتیفیکیشن\n            notification_permission_page = NotificationPermissionPage(driver)\n            notification_permission_page.allow_notification_permission()\n            logger.info(\"Clicked on 'Allow' button for notification permission.\")\n    \n            # مرحله 2: کلیک روی دکمه 'ایجاد حساب کاربری'\n            with allure.step(\"Click on 'Create Account' button\"):\n                try:\n                    logger.info(\"کلیک روی دکمه 'ایجاد حساب کاربری'...\")\n                    create_account_button = WebDriverWait(driver, 10).until(\n                        EC.presence_of_element_located((AppiumBy.ID, \"com.samanpr.blu.dev:id/openButton\"))\n                    )\n                    create_account_button.click()\n                    logger.info(\"دکمه 'ایجاد حساب کاربری' کلیک شد.\")\n                except TimeoutException:\n                    logger.info(\"No nCreate Account button displayed, continuing.\")\n    \n            # مرحله 3: بررسی دوباره نوتیفیکیشن (در صورت لزوم)\n            try:\n                notification_permission_page = NotificationPermissionPage(driver)\n                notification_permission_page.allow_notification_permission()\n                logger.info(\"Clicked on 'Allow' button for notification permission.\")\n            except TimeoutException:\n                logger.info(\"No notification permission modal displayed, continuing.\")\n    \n            # مرحله 4: کلیک روی دکمه 'باز کردن حساب'\n            with allure.step(\"Click on 'Open Account' button\"):\n                logger.info(\"کلیک روی دکمه 'باز کردن حساب'...\")\n                open_account_page = OpenAccountPage(driver)\n                open_account_page.click_open_account()\n                logger.info(\"دکمه 'باز کردن حساب' کلیک شد.\")\n    \n            # مرحله 5: انتخاب سرور 'UAT'\n            with allure.step(\"Select 'UAT' from server selection\"):\n                logger.info(\"انتخاب سرور 'UAT'...\")\n                select_server_page = SelectServerPage(driver)\n                select_server_page.select_uat_server()\n                logger.info(\"سرور 'UAT' انتخاب شد.\")\n    \n            # بررسی متن \"create_account_info_page\" اما اگر اشتباه بود، ادامه پیدا کند\n            with allure.step(\"Check 'create_account_info_page' text\"):\n                try:\n                    expected_text = text_reference[\"kyc_pages\"][\"create_account_info_page_title\"]\n                    create_account_info_page = CreateAccountInfoPage(driver)\n                    actual_text = create_account_info_page.get_account_info_page_title()\n                    assert actual_text == expected_text, f\"Expected '{expected_text}', but got '{actual_text}'\"\n                    logger.info(f\"متن تایتل برای صفحه توضیحات صحیح است: {actual_text}\")\n                except AssertionError as e:\n                    logger.error(f\"خطا در بررسی متن تایتل صفحه توضیحات: {e}\")\n                    allure.attach(f\"Expected: {expected_text}\\nActual: {actual_text}\", \"Mismatch in text\",\n                                  allure.attachment_type.TEXT)\n                    # خطا را لاگ می‌کنیم اما ادامه می‌دهیم\n    \n            # بررسی متن \"clock_title_info_page\" اما اگر اشتباه بود، ادامه پیدا کند\n            with allure.step(\"Check 'clock_title_info_page' text\"):\n                try:\n                    expected_text = text_reference[\"kyc_pages\"][\"clock_title_info_page\"]\n                    create_account_info_page = CreateAccountInfoPage(driver)\n                    actual_text = create_account_info_page.get_account_info_page_title()\n                    assert actual_text == expected_text, f\"Expected '{expected_text}', but got '{actual_text}'\"\n                    logger.info(f\"متن صفحه توضیحات صحیح است: {actual_text}\")\n                except AssertionError as e:\n                    logger.error(f\"خطا در بررسی متن ساعت صفحه توضیحات: {e}\")\n                    allure.attach(f\"Expected: {expected_text}\\nActual: {actual_text}\", \"Mismatch in text\",\n                                  allure.attachment_type.TEXT)\n                    # خطا را لاگ می‌کنیم اما ادامه می‌دهیم\n    \n            # مرحله 6: کلیک روی دکمه 'شروع'\n            with allure.step(\"Click on 'Start' button\"):\n                logger.info(\"کلیک روی دکمه 'شروع'...\")\n                create_account_info_page = CreateAccountInfoPage(driver)\n                create_account_info_page.click_start()\n                logger.info(\"دکمه 'شروع' کلیک شد.\")\n    \n            # مرحله 7: بررسی و تغییر وضعیت سوییچ\n            with allure.step(\"Check and toggle the agreement switch\"):\n                initial_status = accept_page.is_switch_on()\n                logger.info(f\"Initial switch status: {'ON' if initial_status else 'OFF'}\")\n                accept_page.toggle_switch()\n                new_status = accept_page.is_switch_on()\n                logger.info(f\"Switch status after toggle: {'ON' if new_status else 'OFF'}\")\n    \n            # مرحله 8: کلیک روی دکمه 'تایید' و رفتن به مرحله وارد کردن شماره تلفن\n            with allure.step(\"Click confirm button after toggle\"):\n                logger.info(\"کلیک روی دکمه 'تایید'...\")\n                accept_page.click_confirm_button()\n                logger.info(\"دکمه 'تایید' کلیک شد و به صفحه وارد کردن شماره تلفن هدایت شد.\")\n    \n            # مرحله 9: وارد کردن شماره تلفن\n            with allure.step(\"Enter phone number\"):\n                phone_number = mobile_number_generator()\n                phone_page = EnterPhoneNumberPage(driver)\n                phone_page.enter_phone_number(phone_number)\n                logger.info(f\"شماره تلفن وارد شد: {phone_number}\")\n    \n            # مرحله 10: کلیک روی دکمه 'بعدی'\n            with allure.step(\"Click next button\"):\n                phone_page.click_next_button()\n                logger.info(\"دکمه 'بعدی' کلیک شد.\")\n    \n            # مرحله 11: بررسی متن ریفرال\n            with allure.step(\"Check 'مانند:‌ MDMGKP' text\"):\n                expected_text = text_reference[\"kyc_pages\"][\"referralInputEditText\"]\n                referral_page = ReferralPage(driver)\n                actual_text = referral_page.get_referral_field_text()\n                assert actual_text == expected_text, f\"Expected '{expected_text}', but got '{actual_text}'\"\n                logger.info(f\"متن ریفرال صحیح است: {actual_text}\")\n    \n            with allure.step(\"Click next button\"):\n                referral_page.click_next_button()\n                logger.info(\"دکمه 'بعدی' کلیک شد.\")\n    \n            # مرحله 12: بررسی و وارد کردن کد ملی\n            with allure.step(\"Check 'کد ملی ۱۰ رقمی' text\"):\n                expected_text = text_reference[\"kyc_pages\"][\"national_code\"]\n                national_page = NationalCodePage(driver)\n                actual_text = national_page.get_national_code_text()\n                assert actual_text == expected_text, f\"Expected '{expected_text}', but got '{actual_text}'\"\n                logger.info(f\"متن کد ملی صحیح است: {actual_text}\")\n    \n            with allure.step(\"Enter national code\"):\n                national_code = national_code_generator()\n                national_page.enter_national_code(national_code)\n                logger.info(f\"کدملی وارد شد: {national_code}\")\n    \n            with allure.step(\"Click next button\"):\n                national_page.click_next_button()\n                logger.info(\"دکمه 'بعدی' کلیک شد.\")\n    \n            # مرحله 13: اسکرول کردن سال\n            with allure.step(\"Scroll year field\"):\n                birth_date_page = BirthDatePage(driver)\n                birth_date_page.scroll_year()  # اسکرول کردن سال\n                logger.info(\"سال با موفقیت اسکرول شد.\")\n    \n            with allure.step(\"Click next button\"):\n                birth_date_page.click_next_button()\n                logger.info(\"دکمه 'بعدی' کلیک شد.\")\n    \n            # مرحله 14: وارد کردن نام کاربری\n            with allure.step(\"Enter new username\"):\n                username = username_generator()\n                username_page = UserNamePage(driver)\n                username_page.enter_username(username)\n                logger.info(f\"نام کاربری وارد شد: {username}\")\n    \n            with allure.step(\"Click next button\"):\n                username_page.click_next_button()\n                logger.info(\"دکمه 'بعدی' کلیک شد.\")\n    \n            # مرحله 15: وارد کردن رمز عبور\n            with allure.step(\"Enter password\"):\n                password_page = PasswordPage(driver)\n                password_page.enter_password(\"Aa123456\")\n                logger.info(\"رمز عبور وارد شد.\")\n    \n            with allure.step(\"Click next button\"):\n                password_page.click_next_button()\n                logger.info(\"دکمه 'بعدی' کلیک شد.\")\n    \n            # مرحله 16: تایید وضعیت حساب کاربری در Blu\n            with allure.step(\"Click next button\"):\n                create_account_in_blu_state_page = CreateAccountInBluStatePage(driver)\n                create_account_in_blu_state_page.click_confirm_button()\n                logger.info(\"دکمه 'ادامه' کلیک شد.\")\n    \n            # مرحله 17: انتخاب گزینه 'کارت ملی'\n            with allure.step(\"Select 'National Card' option\"):\n                select_national_card = SelectNationalCardOrTrackerIdPage(driver)\n                select_national_card.click_select_national_card()\n                logger.info(\"گزینه 'کارت ملی' انتخاب شد.\")\n    \n            try:\n                camera_permission_page = NotificationPermissionPage(driver)\n                camera_permission_page.allow_camera_permission()\n                logger.info(\"دسترسی به دوربین تأیید شد.\")\n            except TimeoutException:\n                logger.info(\"مجوز دوربین نمایش داده نشد، ادامه دهید.\")\n    \n            # مرحله 18: گرفتن عکس جلو و پشت کارت ملی\n            with allure.step(\"Take photo from front of national card\"):\n                take_photo_page = TakePhotoPage(driver)\n                take_photo_page.click_take_photo()\n                logger.info(\"عکس جلوی کارت ملی گرفته شد.\")\n    \n            with allure.step(\"Click confirm button\"):\n                confirm_photo_page = ConfirmPhotoPage(driver)\n                confirm_photo_page.click_confirm_photo()\n                confirm_photo_modal = ConfirmPhotoModal(driver)\n                confirm_photo_modal.click_confirm_photo()\n                logger.info(\"عکس تایید شد.\")\n    \n            with allure.step(\"Take photo from back of national card\"):\n                take_photo_page.click_take_photo()\n                logger.info(\"عکس پشت کارت ملی گرفته شد.\")\n    \n            with allure.step(\"Click confirm button\"):\n                confirm_photo_page.click_confirm_photo()\n                confirm_photo_modal.click_confirm_photo()\n                logger.info(\"عکس تایید شد.\")\n    \n            with allure.step(\"Click next button\"):\n                logger.info(\"کلیک روی دکمه 'ادامه'...\")\n                create_account_in_blu_state_page = CreateAccountInBluStatePage(driver)\n                create_account_in_blu_state_page.click_confirm_button()\n                logger.info(\"دکمه 'ادامه' کلیک شد.\")\n    \n            # مرحله 19: انتخاب شغل\n            with allure.step(\"Select job for user\"):\n                logger.info(\"کلیک بر روی اولین شغل\")\n                select_job_page = SelectJobPage(driver)\n                select_job_page.select_job()\n                logger.info(\"اولین شغل از لیست انتخاب شد.\")\n                logger.info(\"کلیک روی دکمه تایید...\")\n                select_job_page.click_confirm_job()\n                logger.info(\"دکمه 'ادامه' کلیک شد.\")\n    \n            with allure.step(\"Show and skip demo video\"):\n                video_demo_page = VideoDemoPage(driver)\n                video_demo_page.click_confirm_video_demo()\n                logger.info(\"ویدیو آموزشی رد شد.\")\n    \n            try:\n                camera_permission_page.allow_camera_permission()\n                logger.info(\"مجوز دوربین تأیید شد.\")\n            except TimeoutException:\n                logger.info(\"مجوز دوربین نمایش داده نشد.\")\n    \n            # مرحله 21: ضبط ویدیو\n            with allure.step(\"Record video\"):\n                video_record_page = VideoRecordingPage(driver)\n                video_record_page.click_video_recording()\n                logger.info(\"ضبط ویدیو شروع شد.\")\n                sleep(10)\n                video_record_page.click_stop_recording_button()\n                logger.info(\"ضبط ویدیو متوقف شد.\")\n                video_record_page.click_upload_video()\n                logger.info(\"ویدیو آپلود شد.\")\n    \n            with allure.step(\"Confirm video upload\"):\n                confirm_video_modal = ConfirmVideoModal(driver)\n                confirm_video_modal.click_confirm_video()\n                logger.info(\"آپلود ویدیو تایید شد.\")\n    \n            # مرحله 22: تایید نهایی و پایان\n            with allure.step(\"Final confirmation\"):\n                final_page = FinalPage(driver)\n                final_page.click_final_confirm()\n                logger.info(\"مراحل ایجاد حساب کاربری با موفقیت به پایان رسید.\")\n        except Exception as e:\n    \n            logger.error(f\"خطا رخ داد: {e}\")\n            capture_screenshot(driver, \"account_creation_error\")\n>           raise e\n\ntests\\kyc\\test_create_account.py:297: \n_ _ _ _ _ _ _ _ _ _ _ _ _ _ _ _ _ _ _ _ _ _ _ _ _ _ _ _ _ _ _ _ _ _ _ _ _ _ _ _\ntests\\kyc\\test_create_account.py:226: in test_kyc\n    take_photo_page.click_take_photo()\npages\\kyc\\kyc_pages.py:351: in click_take_photo\n    take_photo = WebDriverWait(self.driver, 30).until(\n_ _ _ _ _ _ _ _ _ _ _ _ _ _ _ _ _ _ _ _ _ _ _ _ _ _ _ _ _ _ _ _ _ _ _ _ _ _ _ _\n\nself = <selenium.webdriver.support.wait.WebDriverWait (session=\"a7c7ec77-b2d8-4644-90ab-19a90651d452\")>\nmethod = <function presence_of_element_located.<locals>._predicate at 0x0000021D10E2ED30>\nmessage = ''\n\n    def until(self, method: Callable[[D], Union[Literal[False], T]], message: str = \"\") -> T:\n        \"\"\"Calls the method provided with the driver as an argument until the \\\n        return value does not evaluate to ``False``.\n    \n        :param method: callable(WebDriver)\n        :param message: optional message for :exc:`TimeoutException`\n        :returns: the result of the last call to `method`\n        :raises: :exc:`selenium.common.exceptions.TimeoutException` if timeout occurs\n        \"\"\"\n        screen = None\n        stacktrace = None\n    \n        end_time = time.monotonic() + self._timeout\n        while True:\n            try:\n                value = method(self._driver)\n                if value:\n                    return value\n            except self._ignored_exceptions as exc:\n                screen = getattr(exc, \"screen\", None)\n                stacktrace = getattr(exc, \"stacktrace\", None)\n            time.sleep(self._poll)\n            if time.monotonic() > end_time:\n                break\n>       raise TimeoutException(message, screen, stacktrace)\nE       selenium.common.exceptions.TimeoutException: Message: \nE       Stacktrace:\nE       NoSuchElementError: An element could not be located on the page using the given search parameters.\nE           at AndroidUiautomator2Driver.findElOrEls (C:\\Users\\a.jamshidi\\.appium\\node_modules\\appium-uiautomator2-driver\\node_modules\\appium-android-driver\\lib\\commands\\find.ts:86:11)\nE           at processTicksAndRejections (node:internal/process/task_queues:95:5)\nE           at AndroidUiautomator2Driver.findElOrElsWithProcessing (C:\\Users\\a.jamshidi\\AppData\\Roaming\\npm\\node_modules\\appium\\node_modules\\@appium\\base-driver\\lib\\basedriver\\commands\\find.ts:60:12)\nE           at AndroidUiautomator2Driver.findElement (C:\\Users\\a.jamshidi\\AppData\\Roaming\\npm\\node_modules\\appium\\node_modules\\@appium\\base-driver\\lib\\basedriver\\commands\\find.ts:75:12)\n\nC:\\Users\\a.jamshidi\\android_automation\\android_automation\\.venv\\lib\\site-packages\\selenium\\webdriver\\support\\wait.py:105: TimeoutException"}, "steps": [{"name": "Click on 'Create Account' button", "status": "passed", "start": 1729691450628, "stop": 1729691461142}, {"name": "Click on 'Open Account' button", "status": "passed", "start": 1729691466538, "stop": 1729691467817}, {"name": "Select 'UAT' from server selection", "status": "passed", "start": 1729691467817, "stop": 1729691467984}, {"name": "Check 'create_account_info_page' text", "status": "passed", "start": 1729691467984, "stop": 1729691469023}, {"name": "Check 'clock_title_info_page' text", "status": "passed", "attachments": [{"name": "Mismatch in text", "source": "6d891c45-6c88-41e0-a5c1-e60f3df27b06-attachment.txt", "type": "text/plain"}], "start": 1729691469023, "stop": 1729691469120}, {"name": "Click on 'Start' button", "status": "passed", "start": 1729691469120, "stop": 1729691469895}, {"name": "Check and toggle the agreement switch", "status": "passed", "start": 1729691469895, "stop": 1729691471052}, {"name": "Click confirm button after toggle", "status": "passed", "start": 1729691471052, "stop": 1729691472225}, {"name": "Enter phone number", "status": "passed", "start": 1729691472225, "stop": 1729691473039}, {"name": "Click next button", "status": "passed", "start": 1729691473039, "stop": 1729691475533}, {"name": "Check 'مانند:‌ MDMGKP' text", "status": "passed", "start": 1729691475533, "stop": 1729691475694}, {"name": "Click next button", "status": "passed", "start": 1729691475694, "stop": 1729691476976}, {"name": "Check 'کد ملی ۱۰ رقمی' text", "status": "passed", "start": 1729691476976, "stop": 1729691477045}, {"name": "Enter national code", "status": "passed", "start": 1729691477045, "stop": 1729691477799}, {"name": "Click next button", "status": "passed", "start": 1729691477799, "stop": 1729691479709}, {"name": "Scroll year field", "status": "passed", "start": 1729691479709, "stop": 1729691480298}, {"name": "Click next button", "status": "passed", "start": 1729691480298, "stop": 1729691482763}, {"name": "Enter new username", "status": "passed", "start": 1729691482763, "stop": 1729691484180}, {"name": "Click next button", "status": "passed", "start": 1729691484180, "stop": 1729691485516}, {"name": "Enter password", "status": "passed", "start": 1729691485516, "stop": 1729691486320}, {"name": "Click next button", "status": "passed", "start": 1729691486320, "stop": 1729691487695}, {"name": "Click next button", "status": "passed", "start": 1729691487695, "stop": 1729691490528}, {"name": "Select 'National Card' option", "status": "passed", "start": 1729691490528, "stop": 1729691491595}, {"name": "Take photo from front of national card", "status": "broken", "statusDetails": {"message": "selenium.common.exceptions.TimeoutException: Message: \nStacktrace:\nNoSuchElementError: An element could not be located on the page using the given search parameters.\n    at AndroidUiautomator2Driver.findElOrEls (C:\\Users\\a.jamshidi\\.appium\\node_modules\\appium-uiautomator2-driver\\node_modules\\appium-android-driver\\lib\\commands\\find.ts:86:11)\n    at processTicksAndRejections (node:internal/process/task_queues:95:5)\n    at AndroidUiautomator2Driver.findElOrElsWithProcessing (C:\\Users\\a.jamshidi\\AppData\\Roaming\\npm\\node_modules\\appium\\node_modules\\@appium\\base-driver\\lib\\basedriver\\commands\\find.ts:60:12)\n    at AndroidUiautomator2Driver.findElement (C:\\Users\\a.jamshidi\\AppData\\Roaming\\npm\\node_modules\\appium\\node_modules\\@appium\\base-driver\\lib\\basedriver\\commands\\find.ts:75:12)\n", "trace": "  File \"G:\\android_automation\\tests\\kyc\\test_create_account.py\", line 226, in test_kyc\n    take_photo_page.click_take_photo()\n  File \"G:\\android_automation\\pages\\kyc\\kyc_pages.py\", line 351, in click_take_photo\n    take_photo = WebDriverWait(self.driver, 30).until(\n  File \"C:\\Users\\a.jamshidi\\android_automation\\android_automation\\.venv\\lib\\site-packages\\selenium\\webdriver\\support\\wait.py\", line 105, in until\n    raise TimeoutException(message, screen, stacktrace)\n"}, "start": 1729691491735, "stop": 1729691522328}], "attachments": [{"name": "account_creation_error_20241023_172202.png", "source": "eba6c29e-0116-4a02-9a00-68f4f3934526-attachment.png", "type": "image/png"}, {"name": "log", "source": "82730a0e-c598-46dd-8f56-d08df4841c51-attachment.txt", "type": "text/plain"}, {"name": "stderr", "source": "724373f4-fdb5-44af-9965-c7b1656ad841-attachment.txt", "type": "text/plain"}], "start": 1729691449770, "stop": 1729691523504, "uuid": "3736cabb-7c18-4baf-b822-2b8ce45a86f4", "historyId": "190b09abcd6c5ed17aef79066d090e97", "testCaseId": "190b09abcd6c5ed17aef79066d090e97", "fullName": "tests.kyc.test_create_account#test_kyc", "labels": [{"name": "story", "value": "Create a new user account"}, {"name": "feature", "value": "User Account Creation"}, {"name": "severity", "value": "critical"}, {"name": "tag", "value": "order(1)"}, {"name": "parentSuite", "value": "tests.kyc"}, {"name": "suite", "value": "test_create_account"}, {"name": "host", "value": "ajamshidi-lap-qa"}, {"name": "thread", "value": "94596-MainThread"}, {"name": "framework", "value": "pytest"}, {"name": "language", "value": "cpython3"}, {"name": "package", "value": "tests.kyc.test_create_account"}]}