{"name": "test_select_box_type_page", "status": "broken", "statusDetails": {"message": "selenium.common.exceptions.TimeoutException: Message: \nStacktrace:\nNoSuchElementError: An element could not be located on the page using the given search parameters.\n    at AndroidUiautomator2Driver.findElOrEls (C:\\Users\\a.jamshidi\\.appium\\node_modules\\appium-uiautomator2-driver\\node_modules\\appium-android-driver\\lib\\commands\\find.ts:86:11)\n    at processTicksAndRejections (node:internal/process/task_queues:95:5)\n    at AndroidUiautomator2Driver.findElOrElsWithProcessing (C:\\Users\\a.jamshidi\\AppData\\Roaming\\npm\\node_modules\\appium\\node_modules\\@appium\\base-driver\\lib\\basedriver\\commands\\find.ts:60:12)\n    at AndroidUiautomator2Driver.findElement (C:\\Users\\a.jamshidi\\AppData\\Roaming\\npm\\node_modules\\appium\\node_modules\\@appium\\base-driver\\lib\\basedriver\\commands\\find.ts:75:12)", "trace": "login_and_dashboard = <pages.dashboard.dashboard_page.DashboardPage object at 0x0000017B17F362B0>\n\n    @pytest.mark.order(2)\n    @allure.feature(\"Box Page\")\n    @allure.story(\"Select Box Type and Create Box\")\n    @allure.severity(allure.severity_level.BLOCKER)\n    def test_select_box_type_page(login_and_dashboard):\n        \"\"\"تست بررسی صفحه انتخاب نوع باکس و صحت عنوان‌ها و توضیحات\"\"\"\n    \n        box_page = login_and_dashboard\n        driver = box_page.driver\n    \n        try:\n            with allure.step(\"Click on box icon to open box page\"):\n                logger.info(\"کلیک روی آیکون باکس برای باز کردن صفحه باکس...\")\n                box_page = login_and_dashboard.click_box_icon()\n    \n            with allure.step(\"Close the onboarding page\"):\n                logger.info(\"بستن صفحه انبوردینگ...\")\n                box_page.close_onboarding()\n    \n            with allure.step(\"Click on 'New Box' button\"):\n                logger.info(\"کلیک روی دکمه 'باکس جدید'...\")\n                select_box_type_page = box_page.click_new_box()\n    \n            with allure.step(\"Check if 'Select Box Type' page is displayed\"):\n                assert select_box_type_page.is_page_displayed(), \"صفحه انتخاب نوع باکس نمایش داده نشده است.\"\n                logger.info(\"وارد صفحه انتخاب نوع باکس شدید.\")\n    \n            with allure.step(\"Check normal box title and description\"):\n                assert select_box_type_page.is_normal_box_title_correct(), \"عنوان 'بلوباکس' نادرست است.\"\n                assert select_box_type_page.is_normal_box_description_correct(), \"توضیح 'بلوباکس' نادرست است.\"\n                logger.info(\"بررسی عنوان و توضیحات باکس عادی...\")\n    \n            with allure.step(\"Check long term box title and description\"):\n                assert select_box_type_page.is_long_term_box_title_correct(), \"عنوان 'بیگ‌باکس' نادرست است.\"\n                assert select_box_type_page.is_long_term_box_description_correct(), \"توضیح 'بیگ‌باکس' نادرست است.\"\n                logger.info(\"بررسی عنوان و توضیحات باکس بلند مدت...\")\n    \n            with allure.step(\"Select normal box\"):\n                logger.info(\"انتخاب باکس عادی (بلوباکس)...\")\n                create_box_page = select_box_type_page.select_normal_box()\n    \n            with allure.step(\"Enter box name and save\"):\n                logger.info(\"ورود نام باکس و ذخیره...\")\n                create_box_page.enter_box_name(\"My Test Box1\")\n                create_box_page.save_new_box()\n    \n            with allure.step(\"Check if the box profile page is displayed\"):\n                box_profile_page = BoxProfilePage(create_box_page.driver)\n>               WebDriverWait(create_box_page.driver, 20).until(\n                    EC.visibility_of_element_located(box_profile_page.deposit_button)\n                )\n\ntests\\box\\test_create_box.py:60: \n_ _ _ _ _ _ _ _ _ _ _ _ _ _ _ _ _ _ _ _ _ _ _ _ _ _ _ _ _ _ _ _ _ _ _ _ _ _ _ _\n\nself = <selenium.webdriver.support.wait.WebDriverWait (session=\"9c05551c-3a98-45f2-a770-252227af7f3f\")>\nmethod = <function visibility_of_element_located.<locals>._predicate at 0x0000017B17F2E4C0>\nmessage = ''\n\n    def until(self, method: Callable[[D], Union[Literal[False], T]], message: str = \"\") -> T:\n        \"\"\"Calls the method provided with the driver as an argument until the \\\n        return value does not evaluate to ``False``.\n    \n        :param method: callable(WebDriver)\n        :param message: optional message for :exc:`TimeoutException`\n        :returns: the result of the last call to `method`\n        :raises: :exc:`selenium.common.exceptions.TimeoutException` if timeout occurs\n        \"\"\"\n        screen = None\n        stacktrace = None\n    \n        end_time = time.monotonic() + self._timeout\n        while True:\n            try:\n                value = method(self._driver)\n                if value:\n                    return value\n            except self._ignored_exceptions as exc:\n                screen = getattr(exc, \"screen\", None)\n                stacktrace = getattr(exc, \"stacktrace\", None)\n            time.sleep(self._poll)\n            if time.monotonic() > end_time:\n                break\n>       raise TimeoutException(message, screen, stacktrace)\nE       selenium.common.exceptions.TimeoutException: Message: \nE       Stacktrace:\nE       NoSuchElementError: An element could not be located on the page using the given search parameters.\nE           at AndroidUiautomator2Driver.findElOrEls (C:\\Users\\a.jamshidi\\.appium\\node_modules\\appium-uiautomator2-driver\\node_modules\\appium-android-driver\\lib\\commands\\find.ts:86:11)\nE           at processTicksAndRejections (node:internal/process/task_queues:95:5)\nE           at AndroidUiautomator2Driver.findElOrElsWithProcessing (C:\\Users\\a.jamshidi\\AppData\\Roaming\\npm\\node_modules\\appium\\node_modules\\@appium\\base-driver\\lib\\basedriver\\commands\\find.ts:60:12)\nE           at AndroidUiautomator2Driver.findElement (C:\\Users\\a.jamshidi\\AppData\\Roaming\\npm\\node_modules\\appium\\node_modules\\@appium\\base-driver\\lib\\basedriver\\commands\\find.ts:75:12)\n\n.venv\\lib\\site-packages\\selenium\\webdriver\\support\\wait.py:105: TimeoutException"}, "description": "تست بررسی صفحه انتخاب نوع باکس و صحت عنوان‌ها و توضیحات", "steps": [{"name": "Click on box icon to open box page", "status": "passed", "start": 1728459037096, "stop": 1728459040851}, {"name": "Close the onboarding page", "status": "passed", "start": 1728459040851, "stop": 1728459063268}, {"name": "Click on 'New Box' button", "status": "passed", "start": 1728459063268, "stop": 1728459066198}, {"name": "Check if 'Select Box Type' page is displayed", "status": "passed", "start": 1728459066198, "stop": 1728459068419}, {"name": "Check normal box title and description", "status": "passed", "start": 1728459068419, "stop": 1728459069072}, {"name": "Check long term box title and description", "status": "passed", "start": 1728459069072, "stop": 1728459069637}, {"name": "Select normal box", "status": "passed", "start": 1728459069637, "stop": 1728459070122}, {"name": "Enter box name and save", "status": "passed", "start": 1728459070122, "stop": 1728459076025}, {"name": "Check if the box profile page is displayed", "status": "broken", "statusDetails": {"message": "selenium.common.exceptions.TimeoutException: Message: \nStacktrace:\nNoSuchElementError: An element could not be located on the page using the given search parameters.\n    at AndroidUiautomator2Driver.findElOrEls (C:\\Users\\a.jamshidi\\.appium\\node_modules\\appium-uiautomator2-driver\\node_modules\\appium-android-driver\\lib\\commands\\find.ts:86:11)\n    at processTicksAndRejections (node:internal/process/task_queues:95:5)\n    at AndroidUiautomator2Driver.findElOrElsWithProcessing (C:\\Users\\a.jamshidi\\AppData\\Roaming\\npm\\node_modules\\appium\\node_modules\\@appium\\base-driver\\lib\\basedriver\\commands\\find.ts:60:12)\n    at AndroidUiautomator2Driver.findElement (C:\\Users\\a.jamshidi\\AppData\\Roaming\\npm\\node_modules\\appium\\node_modules\\@appium\\base-driver\\lib\\basedriver\\commands\\find.ts:75:12)\n", "trace": "  File \"C:\\Users\\a.jamshidi\\android_automation\\android_automation\\tests\\box\\test_create_box.py\", line 60, in test_select_box_type_page\n    WebDriverWait(create_box_page.driver, 20).until(\n  File \"C:\\Users\\a.jamshidi\\android_automation\\android_automation\\.venv\\lib\\site-packages\\selenium\\webdriver\\support\\wait.py\", line 105, in until\n    raise TimeoutException(message, screen, stacktrace)\n"}, "start": 1728459076025, "stop": 1728459096673}], "attachments": [{"name": "log", "source": "279b3fa5-bfab-4150-88e3-d31e2819d17d-attachment.txt", "type": "text/plain"}, {"name": "stderr", "source": "b068c76b-b3cc-4a32-8bfc-a0e2780f13d4-attachment.txt", "type": "text/plain"}], "start": 1728459037096, "stop": 1728459096674, "uuid": "081e5cbc-5a73-4096-bc74-6d6f46b51dc7", "historyId": "0a5316dd4748ed70e07392f77c146c80", "testCaseId": "0a5316dd4748ed70e07392f77c146c80", "fullName": "tests.box.test_create_box#test_select_box_type_page", "labels": [{"name": "story", "value": "Select Box Type and Create Box"}, {"name": "feature", "value": "Box Page"}, {"name": "severity", "value": "blocker"}, {"name": "tag", "value": "order(2)"}, {"name": "parentSuite", "value": "tests.box"}, {"name": "suite", "value": "test_create_box"}, {"name": "host", "value": "ajamshidi-lap-qa"}, {"name": "thread", "value": "151784-MainThread"}, {"name": "framework", "value": "pytest"}, {"name": "language", "value": "cpython3"}, {"name": "package", "value": "tests.box.test_create_box"}]}