{"name": "test_close_onboarding_and_check_box_texts", "status": "broken", "statusDetails": {"message": "selenium.common.exceptions.TimeoutException: Message: \nStacktrace:\nNoSuchElementError: An element could not be located on the page using the given search parameters.\n    at AndroidUiautomator2Driver.findElOrEls (C:\\Users\\a.jamshidi\\.appium\\node_modules\\appium-uiautomator2-driver\\node_modules\\appium-android-driver\\lib\\commands\\find.ts:86:11)\n    at processTicksAndRejections (node:internal/process/task_queues:95:5)\n    at AndroidUiautomator2Driver.findElOrElsWithProcessing (C:\\Users\\a.jamshidi\\AppData\\Roaming\\npm\\node_modules\\appium\\node_modules\\@appium\\base-driver\\lib\\basedriver\\commands\\find.ts:60:12)\n    at AndroidUiautomator2Driver.findElement (C:\\Users\\a.jamshidi\\AppData\\Roaming\\npm\\node_modules\\appium\\node_modules\\@appium\\base-driver\\lib\\basedriver\\commands\\find.ts:75:12)", "trace": "request = <SubRequest 'login_and_dashboard' for <Function test_close_onboarding_and_check_box_texts>>\n\n    @pytest.fixture\n    def login_and_dashboard(request):\n        # گرفتن نام دستگاه و بارگذاری تنظیمات\n        device_name = request.config.getoption(\"--device_name\")\n        options = AppiumOptions()\n        options.load_capabilities(device_configs[device_name])\n    \n        # ایجاد و راه‌اندازی سرویس Appium\n        service = AppiumService()\n        service.start()\n    \n        appium_url = \"http://127.0.0.1:4723\"\n        driver = webdriver.Remote(appium_url, options=options)\n    \n        # ورود به سیستم\n        login_page = LoginPage(driver)\n        login_page.enter_username(\"andpfm7\")  # نام کاربری را از فایل کانفیگ بگیرید\n        login_page.enter_password(\"Aa123456\")  # پسورد را از فایل کانفیگ بگیرید\n    \n        # هدایت به صفحه بیومتریک و بستن\n        biometric_page = login_page.click_login()\n        not_now_button = (AppiumBy.ID, \"com.samanpr.blu.dev:id/btnNotNow\")\n    \n        try:\n>           WebDriverWait(driver, 30).until(\n                EC.visibility_of_element_located(not_now_button)  # منتظر نمایش دکمه Not Now\n            )\n\nconftest.py:66: \n_ _ _ _ _ _ _ _ _ _ _ _ _ _ _ _ _ _ _ _ _ _ _ _ _ _ _ _ _ _ _ _ _ _ _ _ _ _ _ _\n\nself = <selenium.webdriver.support.wait.WebDriverWait (session=\"b622006c-acb1-4bfb-8e1e-9132b5ea7e07\")>\nmethod = <function visibility_of_element_located.<locals>._predicate at 0x0000025183FAE9D0>\nmessage = ''\n\n    def until(self, method: Callable[[D], Union[Literal[False], T]], message: str = \"\") -> T:\n        \"\"\"Calls the method provided with the driver as an argument until the \\\n        return value does not evaluate to ``False``.\n    \n        :param method: callable(WebDriver)\n        :param message: optional message for :exc:`TimeoutException`\n        :returns: the result of the last call to `method`\n        :raises: :exc:`selenium.common.exceptions.TimeoutException` if timeout occurs\n        \"\"\"\n        screen = None\n        stacktrace = None\n    \n        end_time = time.monotonic() + self._timeout\n        while True:\n            try:\n                value = method(self._driver)\n                if value:\n                    return value\n            except self._ignored_exceptions as exc:\n                screen = getattr(exc, \"screen\", None)\n                stacktrace = getattr(exc, \"stacktrace\", None)\n            time.sleep(self._poll)\n            if time.monotonic() > end_time:\n                break\n>       raise TimeoutException(message, screen, stacktrace)\nE       selenium.common.exceptions.TimeoutException: Message: \nE       Stacktrace:\nE       NoSuchElementError: An element could not be located on the page using the given search parameters.\nE           at AndroidUiautomator2Driver.findElOrEls (C:\\Users\\a.jamshidi\\.appium\\node_modules\\appium-uiautomator2-driver\\node_modules\\appium-android-driver\\lib\\commands\\find.ts:86:11)\nE           at processTicksAndRejections (node:internal/process/task_queues:95:5)\nE           at AndroidUiautomator2Driver.findElOrElsWithProcessing (C:\\Users\\a.jamshidi\\AppData\\Roaming\\npm\\node_modules\\appium\\node_modules\\@appium\\base-driver\\lib\\basedriver\\commands\\find.ts:60:12)\nE           at AndroidUiautomator2Driver.findElement (C:\\Users\\a.jamshidi\\AppData\\Roaming\\npm\\node_modules\\appium\\node_modules\\@appium\\base-driver\\lib\\basedriver\\commands\\find.ts:75:12)\n\nC:\\Users\\a.jamshidi\\android_automation\\android_automation\\.venv\\lib\\site-packages\\selenium\\webdriver\\support\\wait.py:105: TimeoutException"}, "description": "تست بسته شدن انبوردینگ و بررسی متن‌های صفحه باکس", "attachments": [{"name": "stdout", "source": "30dcf221-2cc3-458b-95b0-2934c62aee91-attachment.txt", "type": "text/plain"}], "start": 1728978988697, "stop": 1728978988697, "uuid": "9ed57606-6ed5-4328-a34d-1096c1ec90b4", "historyId": "372cec981dead8d05da0ba57aba1f8eb", "testCaseId": "372cec981dead8d05da0ba57aba1f8eb", "fullName": "tests.box.test_box#test_close_onboarding_and_check_box_texts", "labels": [{"name": "tag", "value": "check_box"}, {"name": "tag", "value": "order(1)"}, {"name": "parentSuite", "value": "tests.box"}, {"name": "suite", "value": "test_box"}, {"name": "host", "value": "ajamshidi-lap-qa"}, {"name": "thread", "value": "116812-MainThread"}, {"name": "framework", "value": "pytest"}, {"name": "language", "value": "cpython3"}, {"name": "package", "value": "tests.box.test_box"}]}