{"name": "test_kyc", "status": "broken", "statusDetails": {"message": "selenium.common.exceptions.TimeoutException: Message: \nStacktrace:\nNoSuchElementError: An element could not be located on the page using the given search parameters.\n    at AndroidUiautomator2Driver.findElOrEls (C:\\Users\\a.jamshidi\\.appium\\node_modules\\appium-uiautomator2-driver\\node_modules\\appium-android-driver\\lib\\commands\\find.ts:86:11)\n    at processTicksAndRejections (node:internal/process/task_queues:95:5)\n    at AndroidUiautomator2Driver.findElOrElsWithProcessing (C:\\Users\\a.jamshidi\\AppData\\Roaming\\npm\\node_modules\\appium\\node_modules\\@appium\\base-driver\\lib\\basedriver\\commands\\find.ts:60:12)\n    at AndroidUiautomator2Driver.findElement (C:\\Users\\a.jamshidi\\AppData\\Roaming\\npm\\node_modules\\appium\\node_modules\\@appium\\base-driver\\lib\\basedriver\\commands\\find.ts:75:12)", "trace": "open_app_without_login = <appium.webdriver.webdriver.WebDriver (session=\"dff27a96-a58d-4568-8020-c17372745fa2\")>\n\n    @pytest.mark.order(1)\n    @allure.feature(\"User Account Creation\")\n    @allure.story(\"Create a new user account\")\n    @allure.severity(allure.severity_level.CRITICAL)\n    def test_kyc(open_app_without_login):\n        driver = open_app_without_login\n        accept_page = AcceptRulesAndRegulations(driver)\n        # بارگذاری فایل JSON برای دریافت متون مرجع\n        text_reference = load_text_reference()\n    \n        # متغیر برای ذخیره نتیجه تست\n        errors = []\n        try:\n            # بررسی دسترسی نوتیفیکیشن\n            notification_permission_page = NotificationPermissionPage(driver)\n            notification_permission_page.allow_notification_permission()\n            logger.info(\"Clicked on 'Allow' button for notification permission.\")\n    \n            # مرحله 1: کلیک روی دکمه 'ایجاد حساب کاربری'\n            try:\n                with allure.step(\"Click on 'Create Account' button\"):\n                    logger.info(\"کلیک روی دکمه 'ایجاد حساب کاربری'...\")\n                    create_account_button = WebDriverWait(driver, 10).until(\n                        EC.presence_of_element_located((AppiumBy.ID, \"com.samanpr.blu.dev:id/openButton\"))\n                    )\n                    create_account_button.click()\n                    logger.info(\"دکمه 'ایجاد حساب کاربری' کلیک شد.\")\n            except TimeoutException:\n                logger.info(\"No login page displayed, continuing.\")\n    \n            # مرحله 2: کلیک روی دکمه 'بازکردن حساب'\n            with allure.step(\"Click on 'Open Account' button\"):\n                logger.info(\"کلیک روی دکمه 'بازکردن حساب'...\")\n                open_account_page = OpenAccountPage(driver)\n                open_account_page.click_open_account()\n                logger.info(\"دکمه 'بازکردن حساب' کلیک شد.\")\n    \n            # مرحله 3: انتخاب UAT در سرور\n            with allure.step(\"click on 'UAT' from server selection\"):\n                logger.info(\"انتخاب سرور 'UAT'...\")\n                select_server_page = SelectServerPage(driver)\n                select_server_page.select_uat_server()\n                logger.info(\"سرور 'UAT' انتخاب شد.\")\n    \n            # مرحله 4: کلیک روی 'شروع'\n            with allure.step(\"Click on 'Start' button\"):\n                logger.info(\"کلیک روی دکمه 'شروع'...\")\n                create_account_info_page = CreateAccountInfoPage(driver)\n                create_account_info_page.click_start()\n                logger.info(\"دکمه 'شروع' کلیک شد.\")\n    \n            # بررسی وضعیت اولیه سوییچ\n            with allure.step(\"Check initial state of the switch\"):\n                initial_status = accept_page.is_switch_on()\n                logger.info(f\"Initial switch status: {'ON' if initial_status else 'OFF'}\")\n                allure.attach(f\"Initial switch status: {'ON' if initial_status else 'OFF'}\", \"Switch Status\",\n                              allure.attachment_type.TEXT)\n    \n            # تغییر وضعیت سوییچ\n            with allure.step(\"Toggle the agreement switch\"):\n                logger.info(\"کلیک بر روی تاگل سوییچ موافقت با قوانین و مقررات ...\")\n                accept_page.toggle_switch()  # استفاده از متد toggle_switch\n                new_status = accept_page.is_switch_on()\n                logger.info(f\"Switch status after toggle: {'ON' if new_status else 'OFF'}\")\n                allure.attach(f\"New switch status: {'ON' if new_status else 'OFF'}\", \"Switch Status After Toggle\",\n                              allure.attachment_type.TEXT)\n    \n            # کلیک روی دکمه تایید بعد از تغییر وضعیت\n            with allure.step(\"Click confirm button after toggle\"):\n                logger.info(\"کلیک روی دکمه تایید...\")\n                accept_page.click_confirm_button()\n                logger.info(\"دکمه تایید کلیک شد و به صفحه وارد کردن شماره تلفن هدایت شد.\")\n            # مرحله 2: وارد کردن شماره تلفن\n            with allure.step(\"Enter phone number\"):\n                logger.info(\"ورود شماره تلفن ...\")\n                # فراخوانی تابع mobile_number_generator برای تولید شماره موبایل\n                phone_number = mobile_number_generator()\n                phone_page = EnterPhoneNumberPage(driver)\n                phone_page.enter_phone_number(phone_number)\n    \n            logger.info(f\"شماره تلفن وارد شد: {phone_number}\")\n    \n            # مرحله 3: کلیک روی دکمه \"بعدی\"\n            with allure.step(\"Click next button\"):\n                logger.info(\"کلیک روی دکمه 'بعدی'...\")\n                phone_page.click_next_button()\n                logger.info(\"دکمه 'بعدی' کلیک شد.\")\n    \n            with (allure.step(\"Click next button\")):\n                logger.info(\"کلیک روی دکمه 'بعدی'...\")\n                referral_page = ReferralPage(driver)\n                referral_page.click_next_button()\n                logger.info(\"دکمه 'بعدی' کلیک شد.\")\n    \n            # بررسی متن کد ملی\n            with allure.step(\"Check 'کد ملی ۱۰ رقمی' text\"):\n                logger.info(\"بررسی متن کد ملی...\")\n                expected_text = text_reference[\"kyc_pages\"][\"national_code\"]\n    \n                # استفاده از شیء درست برای فراخوانی متد\n                phone_page = NationalCodePage(driver)\n                actual_text = phone_page.get_national_code_text()  # به درستی شیء phone_page استفاده می‌شود\n    \n                assert actual_text == expected_text, \\\n                    f\"Expected '{expected_text}', but got '{actual_text}'\"\n                logger.info(f\"متن کد ملی صحیح است: {actual_text}\")\n    \n            with allure.step(\"Enter national code\"):\n                logger.info(\"ورود کد ملی ...\")\n                # فراخوانی تابع national_code_generator برای تولید کد ملی\n                national_code = national_code_generator()\n                national_code_page = EnterPhoneNumberPage(driver)\n                national_code_page.enter_phone_number(national_code)\n    \n            logger.info(f\"کدملی وارد شد: {national_code}\")\n    \n            # مرحله 3: کلیک روی دکمه \"بعدی\"\n            with allure.step(\"Click next button\"):\n                logger.info(\"کلیک روی دکمه 'بعدی'...\")\n                phone_page.click_next_button()\n                logger.info(\"دکمه 'بعدی' کلیک شد.\")\n        except Exception as e:\n            logger.error(f\"خطا رخ داد: {e}\")\n            capture_screenshot(driver, \"account_creation_error\")\n>           raise e\n\ntests\\kyc\\test_create_account.py:150: \n_ _ _ _ _ _ _ _ _ _ _ _ _ _ _ _ _ _ _ _ _ _ _ _ _ _ _ _ _ _ _ _ _ _ _ _ _ _ _ _\ntests\\kyc\\test_create_account.py:138: in test_kyc\n    national_code_page.enter_phone_number(national_code)\npages\\kyc\\kyc_pages.py:90: in enter_phone_number\n    phone_number_field = WebDriverWait(self.driver, 10).until(\n_ _ _ _ _ _ _ _ _ _ _ _ _ _ _ _ _ _ _ _ _ _ _ _ _ _ _ _ _ _ _ _ _ _ _ _ _ _ _ _\n\nself = <selenium.webdriver.support.wait.WebDriverWait (session=\"dff27a96-a58d-4568-8020-c17372745fa2\")>\nmethod = <function presence_of_element_located.<locals>._predicate at 0x000001268BE73E50>\nmessage = ''\n\n    def until(self, method: Callable[[D], Union[Literal[False], T]], message: str = \"\") -> T:\n        \"\"\"Calls the method provided with the driver as an argument until the \\\n        return value does not evaluate to ``False``.\n    \n        :param method: callable(WebDriver)\n        :param message: optional message for :exc:`TimeoutException`\n        :returns: the result of the last call to `method`\n        :raises: :exc:`selenium.common.exceptions.TimeoutException` if timeout occurs\n        \"\"\"\n        screen = None\n        stacktrace = None\n    \n        end_time = time.monotonic() + self._timeout\n        while True:\n            try:\n                value = method(self._driver)\n                if value:\n                    return value\n            except self._ignored_exceptions as exc:\n                screen = getattr(exc, \"screen\", None)\n                stacktrace = getattr(exc, \"stacktrace\", None)\n            time.sleep(self._poll)\n            if time.monotonic() > end_time:\n                break\n>       raise TimeoutException(message, screen, stacktrace)\nE       selenium.common.exceptions.TimeoutException: Message: \nE       Stacktrace:\nE       NoSuchElementError: An element could not be located on the page using the given search parameters.\nE           at AndroidUiautomator2Driver.findElOrEls (C:\\Users\\a.jamshidi\\.appium\\node_modules\\appium-uiautomator2-driver\\node_modules\\appium-android-driver\\lib\\commands\\find.ts:86:11)\nE           at processTicksAndRejections (node:internal/process/task_queues:95:5)\nE           at AndroidUiautomator2Driver.findElOrElsWithProcessing (C:\\Users\\a.jamshidi\\AppData\\Roaming\\npm\\node_modules\\appium\\node_modules\\@appium\\base-driver\\lib\\basedriver\\commands\\find.ts:60:12)\nE           at AndroidUiautomator2Driver.findElement (C:\\Users\\a.jamshidi\\AppData\\Roaming\\npm\\node_modules\\appium\\node_modules\\@appium\\base-driver\\lib\\basedriver\\commands\\find.ts:75:12)\n\nC:\\Users\\a.jamshidi\\android_automation\\android_automation\\.venv\\lib\\site-packages\\selenium\\webdriver\\support\\wait.py:105: TimeoutException"}, "steps": [{"name": "Click on 'Create Account' button", "status": "broken", "statusDetails": {"message": "selenium.common.exceptions.TimeoutException: Message: \nStacktrace:\nNoSuchElementError: An element could not be located on the page using the given search parameters.\n    at AndroidUiautomator2Driver.findElOrEls (C:\\Users\\a.jamshidi\\.appium\\node_modules\\appium-uiautomator2-driver\\node_modules\\appium-android-driver\\lib\\commands\\find.ts:86:11)\n    at processTicksAndRejections (node:internal/process/task_queues:95:5)\n    at AndroidUiautomator2Driver.findElOrElsWithProcessing (C:\\Users\\a.jamshidi\\AppData\\Roaming\\npm\\node_modules\\appium\\node_modules\\@appium\\base-driver\\lib\\basedriver\\commands\\find.ts:60:12)\n    at AndroidUiautomator2Driver.findElement (C:\\Users\\a.jamshidi\\AppData\\Roaming\\npm\\node_modules\\appium\\node_modules\\@appium\\base-driver\\lib\\basedriver\\commands\\find.ts:75:12)\n", "trace": "  File \"G:\\android_automation\\tests\\kyc\\test_create_account.py\", line 48, in test_kyc\n    create_account_button = WebDriverWait(driver, 10).until(\n  File \"C:\\Users\\a.jamshidi\\android_automation\\android_automation\\.venv\\lib\\site-packages\\selenium\\webdriver\\support\\wait.py\", line 105, in until\n    raise TimeoutException(message, screen, stacktrace)\n"}, "start": 1729428637667, "stop": 1729428647950}, {"name": "Click on 'Open Account' button", "status": "passed", "start": 1729428647955, "stop": 1729428649265}, {"name": "click on 'UAT' from server selection", "status": "passed", "start": 1729428649266, "stop": 1729428649411}, {"name": "Click on 'Start' button", "status": "passed", "start": 1729428649411, "stop": 1729428651221}, {"name": "Check initial state of the switch", "status": "passed", "attachments": [{"name": "Switch Status", "source": "0628f36d-86e2-47e2-89d0-cd0785670367-attachment.txt", "type": "text/plain"}], "start": 1729428651221, "stop": 1729428651353}, {"name": "Toggle the agreement switch", "status": "passed", "attachments": [{"name": "Switch Status After Toggle", "source": "bf5fcfcb-6944-42b4-b2b4-cb898c42be2d-attachment.txt", "type": "text/plain"}], "start": 1729428651353, "stop": 1729428652396}, {"name": "Click confirm button after toggle", "status": "passed", "start": 1729428652396, "stop": 1729428653660}, {"name": "Enter phone number", "status": "passed", "start": 1729428653660, "stop": 1729428654466}, {"name": "Click next button", "status": "passed", "start": 1729428654467, "stop": 1729428657308}, {"name": "Click next button", "status": "passed", "start": 1729428657308, "stop": 1729428658637}, {"name": "Check 'کد ملی ۱۰ رقمی' text", "status": "passed", "start": 1729428658637, "stop": 1729428658738}, {"name": "Enter national code", "status": "broken", "statusDetails": {"message": "selenium.common.exceptions.TimeoutException: Message: \nStacktrace:\nNoSuchElementError: An element could not be located on the page using the given search parameters.\n    at AndroidUiautomator2Driver.findElOrEls (C:\\Users\\a.jamshidi\\.appium\\node_modules\\appium-uiautomator2-driver\\node_modules\\appium-android-driver\\lib\\commands\\find.ts:86:11)\n    at processTicksAndRejections (node:internal/process/task_queues:95:5)\n    at AndroidUiautomator2Driver.findElOrElsWithProcessing (C:\\Users\\a.jamshidi\\AppData\\Roaming\\npm\\node_modules\\appium\\node_modules\\@appium\\base-driver\\lib\\basedriver\\commands\\find.ts:60:12)\n    at AndroidUiautomator2Driver.findElement (C:\\Users\\a.jamshidi\\AppData\\Roaming\\npm\\node_modules\\appium\\node_modules\\@appium\\base-driver\\lib\\basedriver\\commands\\find.ts:75:12)\n", "trace": "  File \"G:\\android_automation\\tests\\kyc\\test_create_account.py\", line 138, in test_kyc\n    national_code_page.enter_phone_number(national_code)\n  File \"G:\\android_automation\\pages\\kyc\\kyc_pages.py\", line 90, in enter_phone_number\n    phone_number_field = WebDriverWait(self.driver, 10).until(\n  File \"C:\\Users\\a.jamshidi\\android_automation\\android_automation\\.venv\\lib\\site-packages\\selenium\\webdriver\\support\\wait.py\", line 105, in until\n    raise TimeoutException(message, screen, stacktrace)\n"}, "start": 1729428658738, "stop": 1729428668896}], "attachments": [{"name": "account_creation_error_20241020_162108.png", "source": "18a6b2a5-5f8b-4f71-914c-006d5340bdd9-attachment.png", "type": "image/png"}, {"name": "log", "source": "607cecee-a068-4d3a-8523-1981d75d3ced-attachment.txt", "type": "text/plain"}, {"name": "stderr", "source": "dde3fe03-5d48-47ca-96ee-612280af87c8-attachment.txt", "type": "text/plain"}], "start": 1729428636799, "stop": 1729428669296, "uuid": "6d19691b-dd4d-4d41-b706-e0b44cac4a02", "historyId": "190b09abcd6c5ed17aef79066d090e97", "testCaseId": "190b09abcd6c5ed17aef79066d090e97", "fullName": "tests.kyc.test_create_account#test_kyc", "labels": [{"name": "severity", "value": "critical"}, {"name": "feature", "value": "User Account Creation"}, {"name": "story", "value": "Create a new user account"}, {"name": "tag", "value": "order(1)"}, {"name": "parentSuite", "value": "tests.kyc"}, {"name": "suite", "value": "test_create_account"}, {"name": "host", "value": "ajamshidi-lap-qa"}, {"name": "thread", "value": "35620-MainThread"}, {"name": "framework", "value": "pytest"}, {"name": "language", "value": "cpython3"}, {"name": "package", "value": "tests.kyc.test_create_account"}]}