{"name": "test_close_onboarding_and_check_box_texts", "status": "broken", "statusDetails": {"message": "selenium.common.exceptions.NoSuchElementException: Message: An element could not be located on the page using the given search parameters.; For documentation on this error, please visit: https://www.selenium.dev/documentation/webdriver/troubleshooting/errors#no-such-element-exception\nStacktrace:\nNoSuchElementError: An element could not be located on the page using the given search parameters.\n    at AndroidUiautomator2Driver.findElOrEls (C:\\Users\\a.jamshidi\\.appium\\node_modules\\appium-uiautomator2-driver\\node_modules\\appium-android-driver\\lib\\commands\\find.ts:86:11)\n    at processTicksAndRejections (node:internal/process/task_queues:95:5)\n    at AndroidUiautomator2Driver.findElOrElsWithProcessing (C:\\Users\\a.jamshidi\\AppData\\Roaming\\npm\\node_modules\\appium\\node_modules\\@appium\\base-driver\\lib\\basedriver\\commands\\find.ts:60:12)\n    at AndroidUiautomator2Driver.findElement (C:\\Users\\a.jamshidi\\AppData\\Roaming\\npm\\node_modules\\appium\\node_modules\\@appium\\base-driver\\lib\\basedriver\\commands\\find.ts:75:12)", "trace": "login_and_dashboard = <pages.dashboard.dashboard_page.DashboardPage object at 0x00000297224DB220>\ndevice_name = 'Galaxy S24 Ultra'\n\n    @pytest.mark.order(1)\n    @pytest.mark.check_box\n    @allure.feature(\"Box Page\")\n    @allure.story(\"Close Onboarding and Check Box Texts\")\n    @allure.severity(allure.severity_level.CRITICAL)\n    def test_close_onboarding_and_check_box_texts(login_and_dashboard, device_name):\n        \"\"\"تست بسته شدن انبوردینگ و بررسی متن‌های صفحه باکس\"\"\"\n    \n        box_page = login_and_dashboard\n        driver = box_page.driver\n    \n        # بارگذاری فایل JSON برای دریافت متون مرجع\n        text_reference = load_text_reference()\n    \n        # متغیر برای ذخیره نتیجه تست\n        errors = []\n    \n        try:\n            with allure.step(f\"Click on box icon to open box page for device: {device_name}\"):\n                logger.info(f\"کلیک روی آیکون باکس برای باز کردن صفحه باکس: {device_name}\")\n                box_page = login_and_dashboard.click_box_icon()\n    \n            with allure.step(\"Close the onboarding page\"):\n                logger.info(\"بستن صفحه انبوردینگ...\")\n                box_page.close_onboarding()\n    \n            with allure.step(\"Check if the box page is displayed\"):\n                assert box_page.is_box_page_displayed(), \"صفحه باکس بعد از بستن انبوردینگ نمایش داده نشده است.\"\n                logger.info(\"بررسی نمایش صفحه باکس...\")\n    \n            # مقایسه مقادیر با متون مرجع از فایل JSON\n            with allure.step(\"Check '۰ ریال' text\"):\n                try:\n                    expected_text = text_reference[\"box_page\"][\"box_deposit_text\"]\n                    actual_text = box_page.get_box_deposit_text()\n                    assert actual_text == expected_text, \\\n                        f\"Expected '{expected_text}', but got '{actual_text}'\"\n                except AssertionError as e:\n                    errors.append(f\"Error in box_deposit_text: {e}\")\n                    logger.error(str(e))\n    \n            with allure.step(\"Check 'موجودی باکس‌ها' text\"):\n                try:\n                    expected_text = text_reference[\"box_page\"][\"box_deposit_description\"]\n                    actual_text = box_page.get_box_deposit_description()\n                    assert actual_text == expected_text, \\\n                        f\"Expected '{expected_text}', but got '{actual_text}'\"\n                except AssertionError as e:\n                    errors.append(f\"Error in box_deposit_description: {e}\")\n                    logger.error(str(e))\n    \n            with allure.step(\"Check 'باکس فعالی ندارید' text\"):\n                try:\n                    expected_text = text_reference[\"box_page\"][\"no_active_box_title\"]\n                    actual_text = box_page.get_no_active_box_title()\n                    assert actual_text == expected_text, \\\n                        f\"Expected '{expected_text}', but got '{actual_text}'\"\n                except AssertionError as e:\n                    errors.append(f\"Error in no_active_box_title: {e}\")\n                    logger.error(str(e))\n    \n        except Exception as e:\n            logger.error(f\"خطا رخ داد: {e}\")\n            capture_screenshot(driver, \"box_page_error\")\n>           raise e\n\ntests\\box\\test_box.py:80: \n_ _ _ _ _ _ _ _ _ _ _ _ _ _ _ _ _ _ _ _ _ _ _ _ _ _ _ _ _ _ _ _ _ _ _ _ _ _ _ _\ntests\\box\\test_box.py:36: in test_close_onboarding_and_check_box_texts\n    box_page = login_and_dashboard.click_box_icon()\npages\\dashboard\\dashboard_page.py:45: in click_box_icon\n    self.click(self.box_button)\npages\\base_page.py:13: in click\n    element = self.driver.find_element(*locator)\nC:\\Users\\a.jamshidi\\android_automation\\android_automation\\.venv\\lib\\site-packages\\appium\\webdriver\\webdriver.py:382: in find_element\n    return self.execute(RemoteCommand.FIND_ELEMENT, {'using': by, 'value': value})['value']\nC:\\Users\\a.jamshidi\\android_automation\\android_automation\\.venv\\lib\\site-packages\\selenium\\webdriver\\remote\\webdriver.py:354: in execute\n    self.error_handler.check_response(response)\n_ _ _ _ _ _ _ _ _ _ _ _ _ _ _ _ _ _ _ _ _ _ _ _ _ _ _ _ _ _ _ _ _ _ _ _ _ _ _ _\n\nself = <appium.webdriver.errorhandler.MobileErrorHandler object at 0x00000297224DB190>\nresponse = {'status': 404, 'value': '{\"value\":{\"error\":\"no such element\",\"message\":\"An element could not be located on the page u...ode_modules\\\\\\\\appium\\\\\\\\node_modules\\\\\\\\@appium\\\\\\\\base-driver\\\\\\\\lib\\\\\\\\basedriver\\\\\\\\commands\\\\\\\\find.ts:75:12)\"}}'}\n\n    def check_response(self, response: Dict[str, Any]) -> None:\n        \"\"\"\n        https://www.w3.org/TR/webdriver/#errors\n        \"\"\"\n        payload = response.get('value', '')\n        if isinstance(payload, dict):\n            payload_dict = payload\n        else:\n            try:\n                payload_dict = json.loads(payload)\n            except (json.JSONDecodeError, TypeError):\n                return\n            if not isinstance(payload_dict, dict):\n                return\n        value = payload_dict.get('value')\n        if not isinstance(value, dict):\n            return\n        error = value.get('error')\n        if not error:\n            return\n    \n        message = value.get('message', error)\n        stacktrace = value.get('stacktrace', '')\n        # In theory, we should also be checking HTTP status codes.\n        # Java client, for example, prints a warning if the actual `error`\n        # value does not match to the response's HTTP status code.\n        exception_class: Type[sel_exceptions.WebDriverException] = ERROR_TO_EXC_MAPPING.get(\n            error, sel_exceptions.WebDriverException\n        )\n        if exception_class is sel_exceptions.WebDriverException and message:\n            if message == 'No such context found.':\n                exception_class = appium_exceptions.NoSuchContextException\n            elif message == 'That command could not be executed in the current context.':\n                exception_class = appium_exceptions.InvalidSwitchToTargetException\n    \n        if exception_class is sel_exceptions.UnexpectedAlertPresentException:\n            raise sel_exceptions.UnexpectedAlertPresentException(\n                msg=message,\n                stacktrace=format_stacktrace(stacktrace),\n                alert_text=value.get('data'),\n            )\n>       raise exception_class(msg=message, stacktrace=format_stacktrace(stacktrace))\nE       selenium.common.exceptions.NoSuchElementException: Message: An element could not be located on the page using the given search parameters.; For documentation on this error, please visit: https://www.selenium.dev/documentation/webdriver/troubleshooting/errors#no-such-element-exception\nE       Stacktrace:\nE       NoSuchElementError: An element could not be located on the page using the given search parameters.\nE           at AndroidUiautomator2Driver.findElOrEls (C:\\Users\\a.jamshidi\\.appium\\node_modules\\appium-uiautomator2-driver\\node_modules\\appium-android-driver\\lib\\commands\\find.ts:86:11)\nE           at processTicksAndRejections (node:internal/process/task_queues:95:5)\nE           at AndroidUiautomator2Driver.findElOrElsWithProcessing (C:\\Users\\a.jamshidi\\AppData\\Roaming\\npm\\node_modules\\appium\\node_modules\\@appium\\base-driver\\lib\\basedriver\\commands\\find.ts:60:12)\nE           at AndroidUiautomator2Driver.findElement (C:\\Users\\a.jamshidi\\AppData\\Roaming\\npm\\node_modules\\appium\\node_modules\\@appium\\base-driver\\lib\\basedriver\\commands\\find.ts:75:12)\n\nC:\\Users\\a.jamshidi\\android_automation\\android_automation\\.venv\\lib\\site-packages\\appium\\webdriver\\errorhandler.py:125: NoSuchElementException"}, "description": "تست بسته شدن انبوردینگ و بررسی متن‌های صفحه باکس", "steps": [{"name": "Click on box icon to open box page for device: Galaxy S24 Ultra", "status": "broken", "statusDetails": {"message": "selenium.common.exceptions.NoSuchElementException: Message: An element could not be located on the page using the given search parameters.; For documentation on this error, please visit: https://www.selenium.dev/documentation/webdriver/troubleshooting/errors#no-such-element-exception\nStacktrace:\nNoSuchElementError: An element could not be located on the page using the given search parameters.\n    at AndroidUiautomator2Driver.findElOrEls (C:\\Users\\a.jamshidi\\.appium\\node_modules\\appium-uiautomator2-driver\\node_modules\\appium-android-driver\\lib\\commands\\find.ts:86:11)\n    at processTicksAndRejections (node:internal/process/task_queues:95:5)\n    at AndroidUiautomator2Driver.findElOrElsWithProcessing (C:\\Users\\a.jamshidi\\AppData\\Roaming\\npm\\node_modules\\appium\\node_modules\\@appium\\base-driver\\lib\\basedriver\\commands\\find.ts:60:12)\n    at AndroidUiautomator2Driver.findElement (C:\\Users\\a.jamshidi\\AppData\\Roaming\\npm\\node_modules\\appium\\node_modules\\@appium\\base-driver\\lib\\basedriver\\commands\\find.ts:75:12)\n", "trace": "  File \"G:\\android_automation\\tests\\box\\test_box.py\", line 36, in test_close_onboarding_and_check_box_texts\n    box_page = login_and_dashboard.click_box_icon()\n  File \"G:\\android_automation\\pages\\dashboard\\dashboard_page.py\", line 45, in click_box_icon\n    self.click(self.box_button)\n  File \"G:\\android_automation\\pages\\base_page.py\", line 13, in click\n    element = self.driver.find_element(*locator)\n  File \"C:\\Users\\a.jamshidi\\android_automation\\android_automation\\.venv\\lib\\site-packages\\appium\\webdriver\\webdriver.py\", line 382, in find_element\n    return self.execute(RemoteCommand.FIND_ELEMENT, {'using': by, 'value': value})['value']\n  File \"C:\\Users\\a.jamshidi\\android_automation\\android_automation\\.venv\\lib\\site-packages\\selenium\\webdriver\\remote\\webdriver.py\", line 354, in execute\n    self.error_handler.check_response(response)\n  File \"C:\\Users\\a.jamshidi\\android_automation\\android_automation\\.venv\\lib\\site-packages\\appium\\webdriver\\errorhandler.py\", line 125, in check_response\n    raise exception_class(msg=message, stacktrace=format_stacktrace(stacktrace))\n"}, "start": 1728981656001, "stop": 1728981656140}], "attachments": [{"name": "box_page_error_20241015_121056.png", "source": "a13c3472-1f1d-48f2-a853-6390a8752a9a-attachment.png", "type": "image/png"}, {"name": "log", "source": "82dd69d2-7f03-41ab-acd4-d748c092d3d2-attachment.txt", "type": "text/plain"}, {"name": "stderr", "source": "0b11b746-e3a1-4f5b-abf5-c7b80faa3a8c-attachment.txt", "type": "text/plain"}], "start": 1728981656000, "stop": 1728981658300, "uuid": "213b2154-a7aa-41bd-ab40-75db3e41c427", "historyId": "372cec981dead8d05da0ba57aba1f8eb", "testCaseId": "372cec981dead8d05da0ba57aba1f8eb", "fullName": "tests.box.test_box#test_close_onboarding_and_check_box_texts", "labels": [{"name": "tag", "value": "check_box"}, {"name": "tag", "value": "order(1)"}, {"name": "parentSuite", "value": "tests.box"}, {"name": "suite", "value": "test_box"}, {"name": "host", "value": "ajamshidi-lap-qa"}, {"name": "thread", "value": "53116-MainThread"}, {"name": "framework", "value": "pytest"}, {"name": "language", "value": "cpython3"}, {"name": "package", "value": "tests.box.test_box"}]}